[0.020s] Invoking command in '/home/joe/cam_test/build/cam_test': CMAKE_PREFIX_PATH=/opt/ros/foxy /usr/bin/cmake --build /home/joe/cam_test/build/cam_test -- -j12 -l12
[0.062s] [35m[1mScanning dependencies of target cam_test[0m
[0.079s] [ 50%] Built target armor_detector_node
[0.086s] [ 75%] [32mBuilding CXX object CMakeFiles/cam_test.dir/src/cam_pub.cpp.o[0m
[0.779s] [01m[K/home/joe/cam_test/src/cam_pub.cpp:14:36:[m[K [01;31m[Kerror: [m[Kexpected class-name before â€˜[01m[K{[m[Kâ€™ token
[0.780s]    14 | class cam_pub : public rclcpp::Node[01;31m[K{[m[K
[0.780s]       |                                    [01;31m[K^[m[K
[0.780s] [01m[K/home/joe/cam_test/src/cam_pub.cpp:16:22:[m[K [01;31m[Kerror: [m[KISO C++ forbids declaration of â€˜[01m[KMinimalPublisher[m[Kâ€™ with no type [[01;31m[K-fpermissive[m[K]
[0.780s]    16 |     MinimalPublisher([01;31m[K)[m[K
[0.780s]       |                      [01;31m[K^[m[K
[0.780s] [01m[K/home/joe/cam_test/src/cam_pub.cpp:130:13:[m[K [01;31m[Kerror: [m[Kâ€˜[01m[KTimerBase[m[Kâ€™ in namespace â€˜[01m[Krclcpp[m[Kâ€™ does not name a type
[0.780s]   130 |     rclcpp::[01;31m[KTimerBase[m[K::SharedPtr timer_;
[0.780s]       |             [01;31m[K^~~~~~~~~[m[K
[0.780s] [01m[K/home/joe/cam_test/src/cam_pub.cpp:131:13:[m[K [01;31m[Kerror: [m[Kâ€˜[01m[KPublisher[m[Kâ€™ in namespace â€˜[01m[Krclcpp[m[Kâ€™ does not name a template type
[0.780s]   131 |     rclcpp::[01;31m[KPublisher[m[K<std_msgs::msg::String>::SharedPtr publisher_;
[0.780s]       |             [01;31m[K^~~~~~~~~[m[K
[0.780s] [01m[K/home/joe/cam_test/src/cam_pub.cpp:134:2:[m[K [01;31m[Kerror: [m[Kexpected â€˜[01m[K;[m[Kâ€™ after class definition
[0.780s]   134 | }
[0.781s]       |  [01;31m[K^[m[K
[0.781s]       |  [32m[K;[m[K
[0.781s] [01m[K/home/joe/cam_test/src/cam_pub.cpp:[m[K In member function â€˜[01m[Kint cam_pub::MinimalPublisher()[m[Kâ€™:
[0.781s] [01m[K/home/joe/cam_test/src/cam_pub.cpp:17:7:[m[K [01;31m[Kerror: [m[Konly constructors take member initializers
[0.781s]    17 |     : [01;31m[KNode[m[K("cam_pub"), count_(0)
[0.781s]       |       [01;31m[K^~~~[m[K
[0.781s] [01m[K/home/joe/cam_test/src/cam_pub.cpp:17:7:[m[K [01;31m[Kerror: [m[Kclass â€˜[01m[Kcam_pub[m[Kâ€™ does not have any field named â€˜[01m[KNode[m[Kâ€™
[0.786s] [01m[K/home/joe/cam_test/src/cam_pub.cpp:19:7:[m[K [01;31m[Kerror: [m[Kâ€˜[01m[Kpublisher_[m[Kâ€™ was not declared in this scope; did you mean â€˜[01m[Krcl_publisher_t[m[Kâ€™?
[0.786s]    19 |       [01;31m[Kpublisher_[m[K = this->create_publisher<sensor_msgs::msg::Image>("image_pub", 10);
[0.786s]       |       [01;31m[K^~~~~~~~~~[m[K
[0.786s]       |       [32m[Krcl_publisher_t[m[K
[0.786s] [01m[K/home/joe/cam_test/src/cam_pub.cpp:19:26:[m[K [01;31m[Kerror: [m[Kâ€˜[01m[Kclass cam_pub[m[Kâ€™ has no member named â€˜[01m[Kcreate_publisher[m[Kâ€™
[0.786s]    19 |       publisher_ = this->[01;31m[Kcreate_publisher[m[K<sensor_msgs::msg::Image>("image_pub", 10);
[0.786s]       |                          [01;31m[K^~~~~~~~~~~~~~~~[m[K
[0.786s] [01m[K/home/joe/cam_test/src/cam_pub.cpp:19:66:[m[K [01;31m[Kerror: [m[Kexpected primary-expression before â€˜[01m[K>[m[Kâ€™ token
[0.787s]    19 |       publisher_ = this->create_publisher<sensor_msgs::msg::Image[01;31m[K>[m[K("image_pub", 10);
[0.787s]       |                                                                  [01;31m[K^[m[K
[0.787s] [01m[K/home/joe/cam_test/src/cam_pub.cpp:19:68:[m[K [01;35m[Kwarning: [m[Kleft operand of comma operator has no effect [[01;35m[K-Wunused-value[m[K]
[0.787s]    19 |       publisher_ = this->create_publisher<sensor_msgs::msg::Image>([01;35m[K"image_pub"[m[K, 10);
[0.787s]       |                                                                    [01;35m[K^~~~~~~~~~~[m[K
[0.790s] [01m[K/home/joe/cam_test/src/cam_pub.cpp:20:7:[m[K [01;31m[Kerror: [m[Kâ€˜[01m[Ktimer_[m[Kâ€™ was not declared in this scope; did you mean â€˜[01m[Ktimer_t[m[Kâ€™?
[0.790s]    20 |       [01;31m[Ktimer_[m[K = this->create_wall_timer(
[0.790s]       |       [01;31m[K^~~~~~[m[K
[0.790s]       |       [32m[Ktimer_t[m[K
[0.790s] [01m[K/home/joe/cam_test/src/cam_pub.cpp:20:22:[m[K [01;31m[Kerror: [m[Kâ€˜[01m[Kclass cam_pub[m[Kâ€™ has no member named â€˜[01m[Kcreate_wall_timer[m[Kâ€™
[0.791s]    20 |       timer_ = this->[01;31m[Kcreate_wall_timer[m[K(
[0.791s]       |                      [01;31m[K^~~~~~~~~~~~~~~~~[m[K
[0.791s] [01m[K/home/joe/cam_test/src/cam_pub.cpp:21:7:[m[K [01;31m[Kerror: [m[Kunable to find numeric literal operator â€˜[01m[Koperator""ms[m[Kâ€™
[0.791s]    21 |       [01;31m[K500ms[m[K, std::bind(&cam_pub::timer_callback, this));
[0.791s]       |       [01;31m[K^~~~~[m[K
[0.796s] [01m[K/home/joe/cam_test/src/cam_pub.cpp:22:5:[m[K [01;35m[Kwarning: [m[Kno return statement in function returning non-void [[01;35m[K-Wreturn-type[m[K]
[0.796s]    22 |     [01;35m[K}[m[K
[0.796s]       |     [01;35m[K^[m[K
[0.804s] [01m[K/home/joe/cam_test/src/cam_pub.cpp:[m[K In member function â€˜[01m[Kvoid cam_pub::imageProducer()[m[Kâ€™:
[0.804s] [01m[K/home/joe/cam_test/src/cam_pub.cpp:41:13:[m[K [01;31m[Kerror: [m[Kâ€˜[01m[KROS_ERROR_NAMED[m[Kâ€™ was not declared in this scope
[0.804s]    41 |             [01;31m[KROS_ERROR_NAMED[m[K("capture", "m capture error, state=%d", iStatus);
[0.804s]       |             [01;31m[K^~~~~~~~~~~~~~~[m[K
[0.810s] [01m[K/home/joe/cam_test/src/cam_pub.cpp:46:13:[m[K [01;31m[Kerror: [m[Kâ€˜[01m[KROS_ERROR_NAMED[m[Kâ€™ was not declared in this scope
[0.810s]    46 |             [01;31m[KROS_ERROR_NAMED[m[K("capture", "not connect capture");
[0.810s]       |             [01;31m[K^~~~~~~~~~~~~~~[m[K
[0.816s] [01m[K/home/joe/cam_test/src/cam_pub.cpp:54:13:[m[K [01;31m[Kerror: [m[Kâ€˜[01m[KROS_ERROR_NAMED[m[Kâ€™ was not declared in this scope
[0.816s]    54 |             [01;31m[KROS_ERROR_NAMED[m[K("capture", "capture init fail, state=%d", iStatus);
[0.816s]       |             [01;31m[K^~~~~~~~~~~~~~~[m[K
[0.816s] [01m[K/home/joe/cam_test/src/cam_pub.cpp:62:40:[m[K [01;31m[Kerror: [m[Kâ€˜[01m[KCameraParam[m[Kâ€™ has not been declared
[0.816s]    62 |         CameraSetExposureTime(hCamera, [01;31m[KCameraParam[m[K::exposure);
[0.816s]       |                                        [01;31m[K^~~~~~~~~~~[m[K
[0.825s] [01m[K/home/joe/cam_test/src/cam_pub.cpp:90:21:[m[K [01;31m[Kerror: [m[Kâ€˜[01m[KROS_ERROR_NAMED[m[Kâ€™ was not declared in this scope
[0.825s]    90 |                     [01;31m[KROS_ERROR_NAMED[m[K("capture", "get CameraTimeStamp failed");
[0.826s]       |                     [01;31m[K^~~~~~~~~~~~~~~[m[K
[0.826s] [01m[K/home/joe/cam_test/src/cam_pub.cpp:106:31:[m[K [01;31m[Kerror: [m[Kâ€˜[01m[KImagePtr[m[Kâ€™ is not a member of â€˜[01m[Ksensor_msgs[m[Kâ€™
[0.826s]   106 |                  sensor_msgs::[01;31m[KImagePtr[m[K msg;
[0.826s]       |                               [01;31m[K^~~~~~~~[m[K
[0.840s] [01m[K/home/joe/cam_test/src/cam_pub.cpp:110:18:[m[K [01;31m[Kerror: [m[Kâ€˜[01m[Kshow_image_publisher_[m[Kâ€™ was not declared in this scope
[0.840s]   110 |                  [01;31m[Kshow_image_publisher_[m[K.publish(msg);
[0.840s]       |                  [01;31m[K^~~~~~~~~~~~~~~~~~~~~[m[K
[0.847s] [01m[K/home/joe/cam_test/src/cam_pub.cpp:115:18:[m[K [01;31m[Kerror: [m[Kâ€˜[01m[K_framesbuffer[m[Kâ€™ was not declared in this scope
[0.847s]   115 |                  [01;31m[K_framesbuffer[m[K.push(
[0.847s]       |                  [01;31m[K^~~~~~~~~~~~~[m[K
[0.848s] [01m[K/home/joe/cam_test/src/cam_pub.cpp:116:25:[m[K [01;31m[Kerror: [m[Kâ€˜[01m[KFrame[m[Kâ€™ was not declared in this scope
[0.849s]   116 |                         [01;31m[KFrame[m[K{startTime, timeStamp, CameraTimeStamp, vision_pitch, vision_yaw, outputImage});
[0.849s]       |                         [01;31m[K^~~~~[m[K
[0.849s] [01m[K/home/joe/cam_test/src/cam_pub.cpp:86:24:[m[K [01;35m[Kwarning: [m[Kunused variable â€˜[01m[KtimeStamp[m[Kâ€™ [[01;35m[K-Wunused-variable[m[K]
[0.849s]    86 |                 double [01;35m[KtimeStamp[m[K = (static_cast<std::chrono::duration<double, std::milli>>(
[0.850s]       |                        [01;35m[K^~~~~~~~~[m[K
[0.850s] [01m[K/home/joe/cam_test/src/cam_pub.cpp:103:23:[m[K [01;35m[Kwarning: [m[Kunused variable â€˜[01m[Kvision_pitch[m[Kâ€™ [[01;35m[K-Wunused-variable[m[K]
[0.850s]   103 |                 float [01;35m[Kvision_pitch[m[K, vision_yaw;
[0.850s]       |                       [01;35m[K^~~~~~~~~~~~[m[K
[0.850s] [01m[K/home/joe/cam_test/src/cam_pub.cpp:103:37:[m[K [01;35m[Kwarning: [m[Kunused variable â€˜[01m[Kvision_yaw[m[Kâ€™ [[01;35m[K-Wunused-variable[m[K]
[0.850s]   103 |                 float vision_pitch, [01;35m[Kvision_yaw[m[K;
[0.850s]       |                                     [01;35m[K^~~~~~~~~~[m[K
[0.973s] make[2]: *** [CMakeFiles/cam_test.dir/build.make:63: CMakeFiles/cam_test.dir/src/cam_pub.cpp.o] Error 1
[0.974s] make[1]: *** [CMakeFiles/Makefile2:107: CMakeFiles/cam_test.dir/all] Error 2
[0.974s] make: *** [Makefile:141: all] Error 2
[0.978s] Invoked command in '/home/joe/cam_test/build/cam_test' returned '2': CMAKE_PREFIX_PATH=/opt/ros/foxy /usr/bin/cmake --build /home/joe/cam_test/build/cam_test -- -j12 -l12
