[0.000000] (-) TimerEvent: {}
[0.003449] (cam_test) JobQueued: {'identifier': 'cam_test', 'dependencies': OrderedDict()}
[0.003739] (cam_test) JobStarted: {'identifier': 'cam_test'}
[0.016533] (cam_test) JobProgress: {'identifier': 'cam_test', 'progress': 'cmake'}
[0.018052] (cam_test) JobProgress: {'identifier': 'cam_test', 'progress': 'build'}
[0.018181] (cam_test) Command: {'cmd': ['/usr/bin/cmake', '--build', '/home/joe/cam_test/build/cam_test', '--', '-j12', '-l12'], 'cwd': '/home/joe/cam_test/build/cam_test', 'env': OrderedDict([('USER', 'joe'), ('WT_PROFILE_ID', '{07b52e3e-de2c-5db4-bd2d-ba144ed6c273}'), ('SHLVL', '1'), ('LD_LIBRARY_PATH', '/opt/ros/foxy/opt/yaml_cpp_vendor/lib:/opt/ros/foxy/opt/rviz_ogre_vendor/lib:/opt/ros/foxy/lib/x86_64-linux-gnu:/opt/ros/foxy/lib'), ('HOME', '/home/joe'), ('OLDPWD', '/home/joe'), ('LESS', '-R'), ('ZSH', '/home/joe/.oh-my-zsh'), ('LSCOLORS', 'Gxfxcxdxbxegedabagacad'), ('PAGER', 'less'), ('ROS_PYTHON_VERSION', '3'), ('WSL_DISTRO_NAME', 'Ubuntu-20.04'), ('COLCON_PREFIX_PATH', '/home/joe/cam_test/install'), ('ROS_DISTRO', 'foxy'), ('LOGNAME', 'joe'), ('WSL_INTEROP', '/run/WSL/8_interop'), ('NAME', 'LAPTOP-K888OCOC'), ('_', '/usr/bin/colcon'), ('ROS_VERSION', '2'), ('TERM', 'xterm-256color'), ('ROS_LOCALHOST_ONLY', '0'), ('PATH', '/opt/ros/foxy/bin:/usr/local/sbin:/usr/local/bin:/usr/sbin:/usr/bin:/sbin:/bin:/usr/games:/usr/local/games:/mnt/c/windows/system32:/mnt/c/windows:/mnt/c/windows/System32/Wbem:/mnt/c/windows/System32/WindowsPowerShell/v1.0/:/mnt/c/windows/System32/OpenSSH/:/mnt/c/Program Files (x86)/NVIDIA Corporation/PhysX/Common:/mnt/c/Program Files/NVIDIA Corporation/NVIDIA NvDLISR:/mnt/c/Users/stan/AppData/Local/Microsoft/WindowsApps:/mnt/c/vscode/Microsoft VS Code/bin'), ('WT_SESSION', '6bde64ef-e6ff-4688-8cae-2bb725f01482'), ('LANG', 'en_US.UTF-8'), ('LS_COLORS', 'rs=0:di=01;34:ln=01;36:mh=00:pi=40;33:so=01;35:do=01;35:bd=40;33;01:cd=40;33;01:or=40;31;01:mi=00:su=37;41:sg=30;43:ca=30;41:tw=30;42:ow=34;42:st=37;44:ex=01;32:*.tar=01;31:*.tgz=01;31:*.arc=01;31:*.arj=01;31:*.taz=01;31:*.lha=01;31:*.lz4=01;31:*.lzh=01;31:*.lzma=01;31:*.tlz=01;31:*.txz=01;31:*.tzo=01;31:*.t7z=01;31:*.zip=01;31:*.z=01;31:*.dz=01;31:*.gz=01;31:*.lrz=01;31:*.lz=01;31:*.lzo=01;31:*.xz=01;31:*.zst=01;31:*.tzst=01;31:*.bz2=01;31:*.bz=01;31:*.tbz=01;31:*.tbz2=01;31:*.tz=01;31:*.deb=01;31:*.rpm=01;31:*.jar=01;31:*.war=01;31:*.ear=01;31:*.sar=01;31:*.rar=01;31:*.alz=01;31:*.ace=01;31:*.zoo=01;31:*.cpio=01;31:*.7z=01;31:*.rz=01;31:*.cab=01;31:*.wim=01;31:*.swm=01;31:*.dwm=01;31:*.esd=01;31:*.jpg=01;35:*.jpeg=01;35:*.mjpg=01;35:*.mjpeg=01;35:*.gif=01;35:*.bmp=01;35:*.pbm=01;35:*.pgm=01;35:*.ppm=01;35:*.tga=01;35:*.xbm=01;35:*.xpm=01;35:*.tif=01;35:*.tiff=01;35:*.png=01;35:*.svg=01;35:*.svgz=01;35:*.mng=01;35:*.pcx=01;35:*.mov=01;35:*.mpg=01;35:*.mpeg=01;35:*.m2v=01;35:*.mkv=01;35:*.webm=01;35:*.ogm=01;35:*.mp4=01;35:*.m4v=01;35:*.mp4v=01;35:*.vob=01;35:*.qt=01;35:*.nuv=01;35:*.wmv=01;35:*.asf=01;35:*.rm=01;35:*.rmvb=01;35:*.flc=01;35:*.avi=01;35:*.fli=01;35:*.flv=01;35:*.gl=01;35:*.dl=01;35:*.xcf=01;35:*.xwd=01;35:*.yuv=01;35:*.cgm=01;35:*.emf=01;35:*.ogv=01;35:*.ogx=01;35:*.aac=00;36:*.au=00;36:*.flac=00;36:*.m4a=00;36:*.mid=00;36:*.midi=00;36:*.mka=00;36:*.mp3=00;36:*.mpc=00;36:*.ogg=00;36:*.ra=00;36:*.wav=00;36:*.oga=00;36:*.opus=00;36:*.spx=00;36:*.xspf=00;36:'), ('AMENT_PREFIX_PATH', '/opt/ros/foxy'), ('SHELL', '/usr/bin/zsh'), ('PWD', '/home/joe/cam_test/build/cam_test'), ('PYTHONPATH', '/opt/ros/foxy/lib/python3.8/site-packages'), ('COLCON', '1'), ('HOSTTYPE', 'x86_64'), ('WSLENV', 'WT_SESSION::WT_PROFILE_ID'), ('CMAKE_PREFIX_PATH', '/opt/ros/foxy')]), 'shell': False}
[0.064639] (cam_test) StdoutLine: {'line': b'\x1b[35m\x1b[1mScanning dependencies of target cam_test\x1b[0m\n'}
[0.082161] (cam_test) StdoutLine: {'line': b'[ 50%] Built target armor_detector_node\n'}
[0.087980] (cam_test) StdoutLine: {'line': b'[ 75%] \x1b[32mBuilding CXX object CMakeFiles/cam_test.dir/src/cam_pub.cpp.o\x1b[0m\n'}
[0.100012] (-) TimerEvent: {}
[0.200670] (-) TimerEvent: {}
[0.301337] (-) TimerEvent: {}
[0.402031] (-) TimerEvent: {}
[0.502801] (-) TimerEvent: {}
[0.603469] (-) TimerEvent: {}
[0.704060] (-) TimerEvent: {}
[0.761965] (cam_test) StderrLine: {'line': b'\x1b[01m\x1b[K/home/joe/cam_test/src/cam_pub.cpp:14:36:\x1b[m\x1b[K \x1b[01;31m\x1b[Kerror: \x1b[m\x1b[Kexpected class-name before \xe2\x80\x98\x1b[01m\x1b[K{\x1b[m\x1b[K\xe2\x80\x99 token\n'}
[0.762422] (cam_test) StderrLine: {'line': b'   14 | class cam_pub : public rclcpp::Node\x1b[01;31m\x1b[K{\x1b[m\x1b[K\n'}
[0.762503] (cam_test) StderrLine: {'line': b'      |                                    \x1b[01;31m\x1b[K^\x1b[m\x1b[K\n'}
[0.762568] (cam_test) StderrLine: {'line': b'\x1b[01m\x1b[K/home/joe/cam_test/src/cam_pub.cpp:16:22:\x1b[m\x1b[K \x1b[01;31m\x1b[Kerror: \x1b[m\x1b[KISO C++ forbids declaration of \xe2\x80\x98\x1b[01m\x1b[KMinimalPublisher\x1b[m\x1b[K\xe2\x80\x99 with no type [\x1b[01;31m\x1b[K-fpermissive\x1b[m\x1b[K]\n'}
[0.762634] (cam_test) StderrLine: {'line': b'   16 |     MinimalPublisher(\x1b[01;31m\x1b[K)\x1b[m\x1b[K\n'}
[0.762716] (cam_test) StderrLine: {'line': b'      |                      \x1b[01;31m\x1b[K^\x1b[m\x1b[K\n'}
[0.762770] (cam_test) StderrLine: {'line': b'\x1b[01m\x1b[K/home/joe/cam_test/src/cam_pub.cpp:135:13:\x1b[m\x1b[K \x1b[01;31m\x1b[Kerror: \x1b[m\x1b[K\xe2\x80\x98\x1b[01m\x1b[KTimerBase\x1b[m\x1b[K\xe2\x80\x99 in namespace \xe2\x80\x98\x1b[01m\x1b[Krclcpp\x1b[m\x1b[K\xe2\x80\x99 does not name a type\n'}
[0.762851] (cam_test) StderrLine: {'line': b'  135 |     rclcpp::\x1b[01;31m\x1b[KTimerBase\x1b[m\x1b[K::SharedPtr timer_;\n'}
[0.762922] (cam_test) StderrLine: {'line': b'      |             \x1b[01;31m\x1b[K^~~~~~~~~\x1b[m\x1b[K\n'}
[0.762977] (cam_test) StderrLine: {'line': b'\x1b[01m\x1b[K/home/joe/cam_test/src/cam_pub.cpp:136:13:\x1b[m\x1b[K \x1b[01;31m\x1b[Kerror: \x1b[m\x1b[K\xe2\x80\x98\x1b[01m\x1b[KPublisher\x1b[m\x1b[K\xe2\x80\x99 in namespace \xe2\x80\x98\x1b[01m\x1b[Krclcpp\x1b[m\x1b[K\xe2\x80\x99 does not name a template type\n'}
[0.763033] (cam_test) StderrLine: {'line': b'  136 |     rclcpp::\x1b[01;31m\x1b[KPublisher\x1b[m\x1b[K<std_msgs::msg::String>::SharedPtr publisher_;\n'}
[0.763090] (cam_test) StderrLine: {'line': b'      |             \x1b[01;31m\x1b[K^~~~~~~~~\x1b[m\x1b[K\n'}
[0.763172] (cam_test) StderrLine: {'line': b'\x1b[01m\x1b[K/home/joe/cam_test/src/cam_pub.cpp:139:2:\x1b[m\x1b[K \x1b[01;31m\x1b[Kerror: \x1b[m\x1b[Kexpected \xe2\x80\x98\x1b[01m\x1b[K;\x1b[m\x1b[K\xe2\x80\x99 after class definition\n'}
[0.763242] (cam_test) StderrLine: {'line': b'  139 | }\n'}
[0.763308] (cam_test) StderrLine: {'line': b'      |  \x1b[01;31m\x1b[K^\x1b[m\x1b[K\n'}
[0.763363] (cam_test) StderrLine: {'line': b'      |  \x1b[32m\x1b[K;\x1b[m\x1b[K\n'}
[0.763455] (cam_test) StderrLine: {'line': b'\x1b[01m\x1b[K/home/joe/cam_test/src/cam_pub.cpp:\x1b[m\x1b[K In member function \xe2\x80\x98\x1b[01m\x1b[Kint cam_pub::MinimalPublisher()\x1b[m\x1b[K\xe2\x80\x99:\n'}
[0.763515] (cam_test) StderrLine: {'line': b'\x1b[01m\x1b[K/home/joe/cam_test/src/cam_pub.cpp:17:7:\x1b[m\x1b[K \x1b[01;31m\x1b[Kerror: \x1b[m\x1b[Konly constructors take member initializers\n'}
[0.763571] (cam_test) StderrLine: {'line': b'   17 |     : \x1b[01;31m\x1b[KNode\x1b[m\x1b[K("cam_pub"), count_(0)\n'}
[0.763627] (cam_test) StderrLine: {'line': b'      |       \x1b[01;31m\x1b[K^~~~\x1b[m\x1b[K\n'}
[0.763752] (cam_test) StderrLine: {'line': b'\x1b[01m\x1b[K/home/joe/cam_test/src/cam_pub.cpp:17:7:\x1b[m\x1b[K \x1b[01;31m\x1b[Kerror: \x1b[m\x1b[Kclass \xe2\x80\x98\x1b[01m\x1b[Kcam_pub\x1b[m\x1b[K\xe2\x80\x99 does not have any field named \xe2\x80\x98\x1b[01m\x1b[KNode\x1b[m\x1b[K\xe2\x80\x99\n'}
[0.767281] (cam_test) StderrLine: {'line': b'\x1b[01m\x1b[K/home/joe/cam_test/src/cam_pub.cpp:19:7:\x1b[m\x1b[K \x1b[01;31m\x1b[Kerror: \x1b[m\x1b[K\xe2\x80\x98\x1b[01m\x1b[Kpublisher_\x1b[m\x1b[K\xe2\x80\x99 was not declared in this scope; did you mean \xe2\x80\x98\x1b[01m\x1b[Krcl_publisher_t\x1b[m\x1b[K\xe2\x80\x99?\n'}
[0.767602] (cam_test) StderrLine: {'line': b'   19 |       \x1b[01;31m\x1b[Kpublisher_\x1b[m\x1b[K = this->create_publisher<sensor_msgs::msg::Image>("image_pub", 10);\n'}
[0.767900] (cam_test) StderrLine: {'line': b'      |       \x1b[01;31m\x1b[K^~~~~~~~~~\x1b[m\x1b[K\n'}
[0.768069] (cam_test) StderrLine: {'line': b'      |       \x1b[32m\x1b[Krcl_publisher_t\x1b[m\x1b[K\n'}
[0.768133] (cam_test) StderrLine: {'line': b'\x1b[01m\x1b[K/home/joe/cam_test/src/cam_pub.cpp:19:26:\x1b[m\x1b[K \x1b[01;31m\x1b[Kerror: \x1b[m\x1b[K\xe2\x80\x98\x1b[01m\x1b[Kclass cam_pub\x1b[m\x1b[K\xe2\x80\x99 has no member named \xe2\x80\x98\x1b[01m\x1b[Kcreate_publisher\x1b[m\x1b[K\xe2\x80\x99\n'}
[0.768208] (cam_test) StderrLine: {'line': b'   19 |       publisher_ = this->\x1b[01;31m\x1b[Kcreate_publisher\x1b[m\x1b[K<sensor_msgs::msg::Image>("image_pub", 10);\n'}
[0.768273] (cam_test) StderrLine: {'line': b'      |                          \x1b[01;31m\x1b[K^~~~~~~~~~~~~~~~\x1b[m\x1b[K\n'}
[0.768354] (cam_test) StderrLine: {'line': b'\x1b[01m\x1b[K/home/joe/cam_test/src/cam_pub.cpp:19:66:\x1b[m\x1b[K \x1b[01;31m\x1b[Kerror: \x1b[m\x1b[Kexpected primary-expression before \xe2\x80\x98\x1b[01m\x1b[K>\x1b[m\x1b[K\xe2\x80\x99 token\n'}
[0.768471] (cam_test) StderrLine: {'line': b'   19 |       publisher_ = this->create_publisher<sensor_msgs::msg::Image\x1b[01;31m\x1b[K>\x1b[m\x1b[K("image_pub", 10);\n'}
[0.768551] (cam_test) StderrLine: {'line': b'      |                                                                  \x1b[01;31m\x1b[K^\x1b[m\x1b[K\n'}
[0.768615] (cam_test) StderrLine: {'line': b'\x1b[01m\x1b[K/home/joe/cam_test/src/cam_pub.cpp:19:68:\x1b[m\x1b[K \x1b[01;35m\x1b[Kwarning: \x1b[m\x1b[Kleft operand of comma operator has no effect [\x1b[01;35m\x1b[K-Wunused-value\x1b[m\x1b[K]\n'}
[0.768721] (cam_test) StderrLine: {'line': b'   19 |       publisher_ = this->create_publisher<sensor_msgs::msg::Image>(\x1b[01;35m\x1b[K"image_pub"\x1b[m\x1b[K, 10);\n'}
[0.768898] (cam_test) StderrLine: {'line': b'      |                                                                    \x1b[01;35m\x1b[K^~~~~~~~~~~\x1b[m\x1b[K\n'}
[0.769304] (cam_test) StderrLine: {'line': b'\x1b[01m\x1b[K/home/joe/cam_test/src/cam_pub.cpp:20:7:\x1b[m\x1b[K \x1b[01;31m\x1b[Kerror: \x1b[m\x1b[K\xe2\x80\x98\x1b[01m\x1b[Ktimer_\x1b[m\x1b[K\xe2\x80\x99 was not declared in this scope; did you mean \xe2\x80\x98\x1b[01m\x1b[Ktimer_t\x1b[m\x1b[K\xe2\x80\x99?\n'}
[0.769568] (cam_test) StderrLine: {'line': b'   20 |       \x1b[01;31m\x1b[Ktimer_\x1b[m\x1b[K = this->create_wall_timer(\n'}
[0.769741] (cam_test) StderrLine: {'line': b'      |       \x1b[01;31m\x1b[K^~~~~~\x1b[m\x1b[K\n'}
[0.769842] (cam_test) StderrLine: {'line': b'      |       \x1b[32m\x1b[Ktimer_t\x1b[m\x1b[K\n'}
[0.769921] (cam_test) StderrLine: {'line': b'\x1b[01m\x1b[K/home/joe/cam_test/src/cam_pub.cpp:20:22:\x1b[m\x1b[K \x1b[01;31m\x1b[Kerror: \x1b[m\x1b[K\xe2\x80\x98\x1b[01m\x1b[Kclass cam_pub\x1b[m\x1b[K\xe2\x80\x99 has no member named \xe2\x80\x98\x1b[01m\x1b[Kcreate_wall_timer\x1b[m\x1b[K\xe2\x80\x99\n'}
[0.769998] (cam_test) StderrLine: {'line': b'   20 |       timer_ = this->\x1b[01;31m\x1b[Kcreate_wall_timer\x1b[m\x1b[K(\n'}
[0.770060] (cam_test) StderrLine: {'line': b'      |                      \x1b[01;31m\x1b[K^~~~~~~~~~~~~~~~~\x1b[m\x1b[K\n'}
[0.770146] (cam_test) StderrLine: {'line': b'\x1b[01m\x1b[K/home/joe/cam_test/src/cam_pub.cpp:21:7:\x1b[m\x1b[K \x1b[01;31m\x1b[Kerror: \x1b[m\x1b[Kunable to find numeric literal operator \xe2\x80\x98\x1b[01m\x1b[Koperator""ms\x1b[m\x1b[K\xe2\x80\x99\n'}
[0.770210] (cam_test) StderrLine: {'line': b'   21 |       \x1b[01;31m\x1b[K500ms\x1b[m\x1b[K, std::bind(&cam_pub::timer_callback, this));\n'}
[0.770279] (cam_test) StderrLine: {'line': b'      |       \x1b[01;31m\x1b[K^~~~~\x1b[m\x1b[K\n'}
[0.776673] (cam_test) StderrLine: {'line': b'\x1b[01m\x1b[K/home/joe/cam_test/src/cam_pub.cpp:22:5:\x1b[m\x1b[K \x1b[01;35m\x1b[Kwarning: \x1b[m\x1b[Kno return statement in function returning non-void [\x1b[01;35m\x1b[K-Wreturn-type\x1b[m\x1b[K]\n'}
[0.777097] (cam_test) StderrLine: {'line': b'   22 |     \x1b[01;35m\x1b[K}\x1b[m\x1b[K\n'}
[0.777189] (cam_test) StderrLine: {'line': b'      |     \x1b[01;35m\x1b[K^\x1b[m\x1b[K\n'}
[0.784686] (cam_test) StderrLine: {'line': b'\x1b[01m\x1b[K/home/joe/cam_test/src/cam_pub.cpp:\x1b[m\x1b[K In member function \xe2\x80\x98\x1b[01m\x1b[Kvoid cam_pub::imageProducer()\x1b[m\x1b[K\xe2\x80\x99:\n'}
[0.785135] (cam_test) StderrLine: {'line': b'\x1b[01m\x1b[K/home/joe/cam_test/src/cam_pub.cpp:41:13:\x1b[m\x1b[K \x1b[01;31m\x1b[Kerror: \x1b[m\x1b[K\xe2\x80\x98\x1b[01m\x1b[KROS_ERROR_NAMED\x1b[m\x1b[K\xe2\x80\x99 was not declared in this scope\n'}
[0.785346] (cam_test) StderrLine: {'line': b'   41 |             \x1b[01;31m\x1b[KROS_ERROR_NAMED\x1b[m\x1b[K("capture", "m capture error, state=%d", iStatus);\n'}
[0.785587] (cam_test) StderrLine: {'line': b'      |             \x1b[01;31m\x1b[K^~~~~~~~~~~~~~~\x1b[m\x1b[K\n'}
[0.793501] (cam_test) StderrLine: {'line': b'\x1b[01m\x1b[K/home/joe/cam_test/src/cam_pub.cpp:46:13:\x1b[m\x1b[K \x1b[01;31m\x1b[Kerror: \x1b[m\x1b[K\xe2\x80\x98\x1b[01m\x1b[KROS_ERROR_NAMED\x1b[m\x1b[K\xe2\x80\x99 was not declared in this scope\n'}
[0.793820] (cam_test) StderrLine: {'line': b'   46 |             \x1b[01;31m\x1b[KROS_ERROR_NAMED\x1b[m\x1b[K("capture", "not connect capture");\n'}
[0.793913] (cam_test) StderrLine: {'line': b'      |             \x1b[01;31m\x1b[K^~~~~~~~~~~~~~~\x1b[m\x1b[K\n'}
[0.801673] (cam_test) StderrLine: {'line': b'\x1b[01m\x1b[K/home/joe/cam_test/src/cam_pub.cpp:54:13:\x1b[m\x1b[K \x1b[01;31m\x1b[Kerror: \x1b[m\x1b[K\xe2\x80\x98\x1b[01m\x1b[KROS_ERROR_NAMED\x1b[m\x1b[K\xe2\x80\x99 was not declared in this scope\n'}
[0.802223] (cam_test) StderrLine: {'line': b'   54 |             \x1b[01;31m\x1b[KROS_ERROR_NAMED\x1b[m\x1b[K("capture", "capture init fail, state=%d", iStatus);\n'}
[0.802476] (cam_test) StderrLine: {'line': b'      |             \x1b[01;31m\x1b[K^~~~~~~~~~~~~~~\x1b[m\x1b[K\n'}
[0.802550] (cam_test) StderrLine: {'line': b'\x1b[01m\x1b[K/home/joe/cam_test/src/cam_pub.cpp:62:40:\x1b[m\x1b[K \x1b[01;31m\x1b[Kerror: \x1b[m\x1b[K\xe2\x80\x98\x1b[01m\x1b[KCameraParam\x1b[m\x1b[K\xe2\x80\x99 has not been declared\n'}
[0.802614] (cam_test) StderrLine: {'line': b'   62 |         CameraSetExposureTime(hCamera, \x1b[01;31m\x1b[KCameraParam\x1b[m\x1b[K::exposure);\n'}
[0.802676] (cam_test) StderrLine: {'line': b'      |                                        \x1b[01;31m\x1b[K^~~~~~~~~~~\x1b[m\x1b[K\n'}
[0.804191] (-) TimerEvent: {}
[0.811751] (cam_test) StderrLine: {'line': b'\x1b[01m\x1b[K/home/joe/cam_test/src/cam_pub.cpp:90:21:\x1b[m\x1b[K \x1b[01;31m\x1b[Kerror: \x1b[m\x1b[K\xe2\x80\x98\x1b[01m\x1b[KROS_ERROR_NAMED\x1b[m\x1b[K\xe2\x80\x99 was not declared in this scope\n'}
[0.813132] (cam_test) StderrLine: {'line': b'   90 |                     \x1b[01;31m\x1b[KROS_ERROR_NAMED\x1b[m\x1b[K("capture", "get CameraTimeStamp failed");\n'}
[0.813271] (cam_test) StderrLine: {'line': b'      |                     \x1b[01;31m\x1b[K^~~~~~~~~~~~~~~\x1b[m\x1b[K\n'}
[0.813380] (cam_test) StderrLine: {'line': b'\x1b[01m\x1b[K/home/joe/cam_test/src/cam_pub.cpp:106:31:\x1b[m\x1b[K \x1b[01;31m\x1b[Kerror: \x1b[m\x1b[K\xe2\x80\x98\x1b[01m\x1b[KImagePtr\x1b[m\x1b[K\xe2\x80\x99 is not a member of \xe2\x80\x98\x1b[01m\x1b[Ksensor_msgs\x1b[m\x1b[K\xe2\x80\x99\n'}
[0.813483] (cam_test) StderrLine: {'line': b'  106 |                  sensor_msgs::\x1b[01;31m\x1b[KImagePtr\x1b[m\x1b[K msg;\n'}
[0.813592] (cam_test) StderrLine: {'line': b'      |                               \x1b[01;31m\x1b[K^~~~~~~~\x1b[m\x1b[K\n'}
[0.827531] (cam_test) StderrLine: {'line': b'\x1b[01m\x1b[K/home/joe/cam_test/src/cam_pub.cpp:110:18:\x1b[m\x1b[K \x1b[01;31m\x1b[Kerror: \x1b[m\x1b[K\xe2\x80\x98\x1b[01m\x1b[Kshow_image_publisher_\x1b[m\x1b[K\xe2\x80\x99 was not declared in this scope\n'}
[0.827934] (cam_test) StderrLine: {'line': b'  110 |                  \x1b[01;31m\x1b[Kshow_image_publisher_\x1b[m\x1b[K.publish(msg);\n'}
[0.828013] (cam_test) StderrLine: {'line': b'      |                  \x1b[01;31m\x1b[K^~~~~~~~~~~~~~~~~~~~~\x1b[m\x1b[K\n'}
[0.835674] (cam_test) StderrLine: {'line': b'\x1b[01m\x1b[K/home/joe/cam_test/src/cam_pub.cpp:115:18:\x1b[m\x1b[K \x1b[01;31m\x1b[Kerror: \x1b[m\x1b[K\xe2\x80\x98\x1b[01m\x1b[K_framesbuffer\x1b[m\x1b[K\xe2\x80\x99 was not declared in this scope\n'}
[0.836044] (cam_test) StderrLine: {'line': b'  115 |                  \x1b[01;31m\x1b[K_framesbuffer\x1b[m\x1b[K.push(\n'}
[0.836131] (cam_test) StderrLine: {'line': b'      |                  \x1b[01;31m\x1b[K^~~~~~~~~~~~~\x1b[m\x1b[K\n'}
[0.839073] (cam_test) StderrLine: {'line': b'\x1b[01m\x1b[K/home/joe/cam_test/src/cam_pub.cpp:116:25:\x1b[m\x1b[K \x1b[01;31m\x1b[Kerror: \x1b[m\x1b[K\xe2\x80\x98\x1b[01m\x1b[KFrame\x1b[m\x1b[K\xe2\x80\x99 was not declared in this scope\n'}
[0.839393] (cam_test) StderrLine: {'line': b'  116 |                         \x1b[01;31m\x1b[KFrame\x1b[m\x1b[K{startTime, timeStamp, CameraTimeStamp, vision_pitch, vision_yaw, outputImage});\n'}
[0.839497] (cam_test) StderrLine: {'line': b'      |                         \x1b[01;31m\x1b[K^~~~~\x1b[m\x1b[K\n'}
[0.839617] (cam_test) StderrLine: {'line': b'\x1b[01m\x1b[K/home/joe/cam_test/src/cam_pub.cpp:86:24:\x1b[m\x1b[K \x1b[01;35m\x1b[Kwarning: \x1b[m\x1b[Kunused variable \xe2\x80\x98\x1b[01m\x1b[KtimeStamp\x1b[m\x1b[K\xe2\x80\x99 [\x1b[01;35m\x1b[K-Wunused-variable\x1b[m\x1b[K]\n'}
[0.839686] (cam_test) StderrLine: {'line': b'   86 |                 double \x1b[01;35m\x1b[KtimeStamp\x1b[m\x1b[K = (static_cast<std::chrono::duration<double, std::milli>>(\n'}
[0.839762] (cam_test) StderrLine: {'line': b'      |                        \x1b[01;35m\x1b[K^~~~~~~~~\x1b[m\x1b[K\n'}
[0.839840] (cam_test) StderrLine: {'line': b'\x1b[01m\x1b[K/home/joe/cam_test/src/cam_pub.cpp:103:23:\x1b[m\x1b[K \x1b[01;35m\x1b[Kwarning: \x1b[m\x1b[Kunused variable \xe2\x80\x98\x1b[01m\x1b[Kvision_pitch\x1b[m\x1b[K\xe2\x80\x99 [\x1b[01;35m\x1b[K-Wunused-variable\x1b[m\x1b[K]\n'}
[0.839931] (cam_test) StderrLine: {'line': b'  103 |                 float \x1b[01;35m\x1b[Kvision_pitch\x1b[m\x1b[K, vision_yaw;\n'}
[0.840016] (cam_test) StderrLine: {'line': b'      |                       \x1b[01;35m\x1b[K^~~~~~~~~~~~\x1b[m\x1b[K\n'}
[0.840094] (cam_test) StderrLine: {'line': b'\x1b[01m\x1b[K/home/joe/cam_test/src/cam_pub.cpp:103:37:\x1b[m\x1b[K \x1b[01;35m\x1b[Kwarning: \x1b[m\x1b[Kunused variable \xe2\x80\x98\x1b[01m\x1b[Kvision_yaw\x1b[m\x1b[K\xe2\x80\x99 [\x1b[01;35m\x1b[K-Wunused-variable\x1b[m\x1b[K]\n'}
[0.840158] (cam_test) StderrLine: {'line': b'  103 |                 float vision_pitch, \x1b[01;35m\x1b[Kvision_yaw\x1b[m\x1b[K;\n'}
[0.840217] (cam_test) StderrLine: {'line': b'      |                                     \x1b[01;35m\x1b[K^~~~~~~~~~\x1b[m\x1b[K\n'}
[0.847232] (cam_test) StderrLine: {'line': b'\x1b[01m\x1b[K/home/joe/cam_test/src/cam_pub.cpp:122:17:\x1b[m\x1b[K \x1b[01;31m\x1b[Kerror: \x1b[m\x1b[K\xe2\x80\x98\x1b[01m\x1b[KROS_WARN_NAMED\x1b[m\x1b[K\xe2\x80\x99 was not declared in this scope; did you mean \xe2\x80\x98\x1b[01m\x1b[KRCL_WARN_UNUSED\x1b[m\x1b[K\xe2\x80\x99?\n'}
[0.847466] (cam_test) StderrLine: {'line': b'  122 |                 \x1b[01;31m\x1b[KROS_WARN_NAMED\x1b[m\x1b[K("capture", "get frame timeout");\n'}
[0.847524] (cam_test) StderrLine: {'line': b'      |                 \x1b[01;31m\x1b[K^~~~~~~~~~~~~~\x1b[m\x1b[K\n'}
[0.847608] (cam_test) StderrLine: {'line': b'      |                 \x1b[32m\x1b[KRCL_WARN_UNUSED\x1b[m\x1b[K\n'}
[0.848701] (cam_test) StderrLine: {'line': b'\x1b[01m\x1b[K/home/joe/cam_test/src/cam_pub.cpp:124:61:\x1b[m\x1b[K \x1b[01;31m\x1b[Kerror: \x1b[m\x1b[K\xe2\x80\x98\x1b[01m\x1b[KFps\x1b[m\x1b[K\xe2\x80\x99 was not declared in this scope\n'}
[0.848844] (cam_test) StderrLine: {'line': b'  124 |             ROS_DEBUG_NAMED("capture", "Camera\'s FPS : %d", \x1b[01;31m\x1b[KFps\x1b[m\x1b[K());\n'}
[0.848919] (cam_test) StderrLine: {'line': b'      |                                                             \x1b[01;31m\x1b[K^~~\x1b[m\x1b[K\n'}
[0.856520] (cam_test) StderrLine: {'line': b'\x1b[01m\x1b[K/home/joe/cam_test/src/cam_pub.cpp:124:13:\x1b[m\x1b[K \x1b[01;31m\x1b[Kerror: \x1b[m\x1b[K\xe2\x80\x98\x1b[01m\x1b[KROS_DEBUG_NAMED\x1b[m\x1b[K\xe2\x80\x99 was not declared in this scope\n'}
[0.856923] (cam_test) StderrLine: {'line': b'  124 |             \x1b[01;31m\x1b[KROS_DEBUG_NAMED\x1b[m\x1b[K("capture", "Camera\'s FPS : %d", Fps());\n'}
[0.857640] (cam_test) StderrLine: {'line': b'      |             \x1b[01;31m\x1b[K^~~~~~~~~~~~~~~\x1b[m\x1b[K\n'}
[0.857750] (cam_test) StderrLine: {'line': b'\x1b[01m\x1b[K/home/joe/cam_test/src/cam_pub.cpp:\x1b[m\x1b[K In member function \xe2\x80\x98\x1b[01m\x1b[Kvoid cam_pub::timer_callback()\x1b[m\x1b[K\xe2\x80\x99:\n'}
[0.857868] (cam_test) StderrLine: {'line': b'\x1b[01m\x1b[K/home/joe/cam_test/src/cam_pub.cpp:132:25:\x1b[m\x1b[K \x1b[01;31m\x1b[Kerror: \x1b[m\x1b[K\xe2\x80\x98\x1b[01m\x1b[Kclass cam_pub\x1b[m\x1b[K\xe2\x80\x99 has no member named \xe2\x80\x98\x1b[01m\x1b[Kget_logger\x1b[m\x1b[K\xe2\x80\x99\n'}
[0.857960] (cam_test) StderrLine: {'line': b'  132 |       RCLCPP_INFO(this->\x1b[01;31m\x1b[Kget_logger\x1b[m\x1b[K(), "Publishing: \'%s\'", message.data.c_str());\n'}
[0.858039] (cam_test) StderrLine: {'line': b'      |                         \x1b[01;31m\x1b[K^~~~~~~~~~\x1b[m\x1b[K\n'}
[0.864129] (cam_test) StderrLine: {'line': b'\x1b[01m\x1b[K/home/joe/cam_test/src/cam_pub.cpp:132:7:\x1b[m\x1b[K \x1b[01;31m\x1b[Kerror: \x1b[m\x1b[K\xe2\x80\x98\x1b[01m\x1b[KRCLCPP_INFO\x1b[m\x1b[K\xe2\x80\x99 was not declared in this scope; did you mean \xe2\x80\x98\x1b[01m\x1b[KRCLCPP_IMPORT\x1b[m\x1b[K\xe2\x80\x99?\n'}
[0.864491] (cam_test) StderrLine: {'line': b'  132 |       \x1b[01;31m\x1b[KRCLCPP_INFO\x1b[m\x1b[K(this->get_logger(), "Publishing: \'%s\'", message.data.c_str());\n'}
[0.864650] (cam_test) StderrLine: {'line': b'      |       \x1b[01;31m\x1b[K^~~~~~~~~~~\x1b[m\x1b[K\n'}
[0.864788] (cam_test) StderrLine: {'line': b'      |       \x1b[32m\x1b[KRCLCPP_IMPORT\x1b[m\x1b[K\n'}
[0.868076] (cam_test) StderrLine: {'line': b'\x1b[01m\x1b[K/home/joe/cam_test/src/cam_pub.cpp:133:7:\x1b[m\x1b[K \x1b[01;31m\x1b[Kerror: \x1b[m\x1b[K\xe2\x80\x98\x1b[01m\x1b[Kpublisher_\x1b[m\x1b[K\xe2\x80\x99 was not declared in this scope; did you mean \xe2\x80\x98\x1b[01m\x1b[Krcl_publisher_t\x1b[m\x1b[K\xe2\x80\x99?\n'}
[0.868357] (cam_test) StderrLine: {'line': b'  133 |       \x1b[01;31m\x1b[Kpublisher_\x1b[m\x1b[K->publish(message);\n'}
[0.868446] (cam_test) StderrLine: {'line': b'      |       \x1b[01;31m\x1b[K^~~~~~~~~~\x1b[m\x1b[K\n'}
[0.868545] (cam_test) StderrLine: {'line': b'      |       \x1b[32m\x1b[Krcl_publisher_t\x1b[m\x1b[K\n'}
[0.904617] (-) TimerEvent: {}
[1.005361] (-) TimerEvent: {}
[1.029417] (cam_test) StderrLine: {'line': b'make[2]: *** [CMakeFiles/cam_test.dir/build.make:63: CMakeFiles/cam_test.dir/src/cam_pub.cpp.o] Error 1\n'}
[1.030043] (cam_test) StderrLine: {'line': b'make[1]: *** [CMakeFiles/Makefile2:107: CMakeFiles/cam_test.dir/all] Error 2\n'}
[1.030673] (cam_test) StderrLine: {'line': b'make: *** [Makefile:141: all] Error 2\n'}
[1.033733] (cam_test) CommandEnded: {'returncode': 2}
[1.069224] (cam_test) JobEnded: {'identifier': 'cam_test', 'rc': 2}
[1.079950] (-) EventReactorShutdown: {}
