[0.000000] (-) TimerEvent: {}
[0.001832] (cam_test) JobQueued: {'identifier': 'cam_test', 'dependencies': OrderedDict()}
[0.001962] (cam_test) JobStarted: {'identifier': 'cam_test'}
[0.016107] (cam_test) JobProgress: {'identifier': 'cam_test', 'progress': 'cmake'}
[0.021318] (cam_test) JobProgress: {'identifier': 'cam_test', 'progress': 'build'}
[0.021606] (cam_test) Command: {'cmd': ['/usr/bin/cmake', '--build', '/home/joe/cam_test/build/cam_test', '--', '-j12', '-l12'], 'cwd': '/home/joe/cam_test/build/cam_test', 'env': OrderedDict([('USER', 'joe'), ('WT_PROFILE_ID', '{07b52e3e-de2c-5db4-bd2d-ba144ed6c273}'), ('SHLVL', '1'), ('HOME', '/home/joe'), ('OLDPWD', '/home/joe'), ('LESS', '-R'), ('ZSH', '/home/joe/.oh-my-zsh'), ('LSCOLORS', 'Gxfxcxdxbxegedabagacad'), ('PAGER', 'less'), ('WSL_DISTRO_NAME', 'Ubuntu-20.04'), ('LOGNAME', 'joe'), ('WSL_INTEROP', '/run/WSL/7676_interop'), ('NAME', 'LAPTOP-K888OCOC'), ('_', '/usr/bin/colcon'), ('TERM', 'xterm-256color'), ('PATH', '/usr/local/sbin:/usr/local/bin:/usr/sbin:/usr/bin:/sbin:/bin:/usr/games:/usr/local/games:/mnt/c/windows/system32:/mnt/c/windows:/mnt/c/windows/System32/Wbem:/mnt/c/windows/System32/WindowsPowerShell/v1.0/:/mnt/c/windows/System32/OpenSSH/:/mnt/c/Program Files (x86)/NVIDIA Corporation/PhysX/Common:/mnt/c/Program Files/NVIDIA Corporation/NVIDIA NvDLISR:/mnt/c/Users/stan/AppData/Local/Microsoft/WindowsApps:/mnt/c/vscode/Microsoft VS Code/bin'), ('WT_SESSION', 'a078d9c9-f85e-47f2-b111-385e783db720'), ('LANG', 'en_US.UTF-8'), ('LS_COLORS', 'rs=0:di=01;34:ln=01;36:mh=00:pi=40;33:so=01;35:do=01;35:bd=40;33;01:cd=40;33;01:or=40;31;01:mi=00:su=37;41:sg=30;43:ca=30;41:tw=30;42:ow=34;42:st=37;44:ex=01;32:*.tar=01;31:*.tgz=01;31:*.arc=01;31:*.arj=01;31:*.taz=01;31:*.lha=01;31:*.lz4=01;31:*.lzh=01;31:*.lzma=01;31:*.tlz=01;31:*.txz=01;31:*.tzo=01;31:*.t7z=01;31:*.zip=01;31:*.z=01;31:*.dz=01;31:*.gz=01;31:*.lrz=01;31:*.lz=01;31:*.lzo=01;31:*.xz=01;31:*.zst=01;31:*.tzst=01;31:*.bz2=01;31:*.bz=01;31:*.tbz=01;31:*.tbz2=01;31:*.tz=01;31:*.deb=01;31:*.rpm=01;31:*.jar=01;31:*.war=01;31:*.ear=01;31:*.sar=01;31:*.rar=01;31:*.alz=01;31:*.ace=01;31:*.zoo=01;31:*.cpio=01;31:*.7z=01;31:*.rz=01;31:*.cab=01;31:*.wim=01;31:*.swm=01;31:*.dwm=01;31:*.esd=01;31:*.jpg=01;35:*.jpeg=01;35:*.mjpg=01;35:*.mjpeg=01;35:*.gif=01;35:*.bmp=01;35:*.pbm=01;35:*.pgm=01;35:*.ppm=01;35:*.tga=01;35:*.xbm=01;35:*.xpm=01;35:*.tif=01;35:*.tiff=01;35:*.png=01;35:*.svg=01;35:*.svgz=01;35:*.mng=01;35:*.pcx=01;35:*.mov=01;35:*.mpg=01;35:*.mpeg=01;35:*.m2v=01;35:*.mkv=01;35:*.webm=01;35:*.ogm=01;35:*.mp4=01;35:*.m4v=01;35:*.mp4v=01;35:*.vob=01;35:*.qt=01;35:*.nuv=01;35:*.wmv=01;35:*.asf=01;35:*.rm=01;35:*.rmvb=01;35:*.flc=01;35:*.avi=01;35:*.fli=01;35:*.flv=01;35:*.gl=01;35:*.dl=01;35:*.xcf=01;35:*.xwd=01;35:*.yuv=01;35:*.cgm=01;35:*.emf=01;35:*.ogv=01;35:*.ogx=01;35:*.aac=00;36:*.au=00;36:*.flac=00;36:*.m4a=00;36:*.mid=00;36:*.midi=00;36:*.mka=00;36:*.mp3=00;36:*.mpc=00;36:*.ogg=00;36:*.ra=00;36:*.wav=00;36:*.oga=00;36:*.opus=00;36:*.spx=00;36:*.xspf=00;36:'), ('SHELL', '/usr/bin/zsh'), ('PWD', '/home/joe/cam_test/build/cam_test'), ('COLCON', '1'), ('HOSTTYPE', 'x86_64'), ('WSLENV', 'WT_SESSION::WT_PROFILE_ID')]), 'shell': False}
[0.073857] (cam_test) StdoutLine: {'line': b'\x1b[35m\x1b[1mScanning dependencies of target cam_test\x1b[0m\n'}
[0.097240] (cam_test) StdoutLine: {'line': b'[ 50%] Built target armor_detector_node\n'}
[0.100078] (-) TimerEvent: {}
[0.112866] (cam_test) StdoutLine: {'line': b'[ 75%] \x1b[32mBuilding CXX object CMakeFiles/cam_test.dir/src/cam_pub.cpp.o\x1b[0m\n'}
[0.200432] (-) TimerEvent: {}
[0.278041] (cam_test) StderrLine: {'line': b'\x1b[01m\x1b[K/home/joe/cam_test/src/cam_pub.cpp:1:\x1b[m\x1b[K \x1b[01;31m\x1b[Kerror: \x1b[m\x1b[Kunterminated #ifndef\n'}
[0.278594] (cam_test) StderrLine: {'line': b'    1 | #ifndef IMAGETRANSPORT_H\n'}
[0.278716] (cam_test) StderrLine: {'line': b'      | \n'}
[0.278799] (cam_test) StderrLine: {'line': b'In file included from \x1b[01m\x1b[K/home/joe/cam_test/src/cam_pub.cpp:5\x1b[m\x1b[K:\n'}
[0.278878] (cam_test) StderrLine: {'line': b"\x1b[01m\x1b[K/opt/ros/foxy/include/image_transport/image_transport.h:41:89:\x1b[m\x1b[K \x1b[01;36m\x1b[Knote: \x1b[m\x1b[K#pragma message: Warning: This header is deprecated. Use 'image_transport.hpp' instead\n"}
[0.278965] (cam_test) StderrLine: {'line': b'   41 | #pragma message ("Warning: This header is deprecated. Use \'image_transport.hpp\' instead"\x1b[01;36m\x1b[K)\x1b[m\x1b[K\n'}
[0.279080] (cam_test) StderrLine: {'line': b'      |                                                                                         \x1b[01;36m\x1b[K^\x1b[m\x1b[K\n'}
[0.300667] (-) TimerEvent: {}
[0.401442] (-) TimerEvent: {}
[0.502322] (-) TimerEvent: {}
[0.603238] (-) TimerEvent: {}
[0.703935] (-) TimerEvent: {}
[0.804715] (-) TimerEvent: {}
[0.905358] (-) TimerEvent: {}
[1.005961] (-) TimerEvent: {}
[1.107001] (-) TimerEvent: {}
[1.207865] (-) TimerEvent: {}
[1.308678] (-) TimerEvent: {}
[1.409472] (-) TimerEvent: {}
[1.510316] (-) TimerEvent: {}
[1.611275] (-) TimerEvent: {}
[1.712028] (-) TimerEvent: {}
[1.812765] (-) TimerEvent: {}
[1.913488] (-) TimerEvent: {}
[2.014187] (-) TimerEvent: {}
[2.114845] (-) TimerEvent: {}
[2.124128] (cam_test) StderrLine: {'line': b'\x1b[01m\x1b[K/home/joe/cam_test/src/cam_pub.cpp:40:3:\x1b[m\x1b[K \x1b[01;31m\x1b[Kerror: \x1b[m\x1b[K\xe2\x80\x98\x1b[01m\x1b[Kshow_image_publisher_\x1b[m\x1b[K\xe2\x80\x99 does not name a type\n'}
[2.124668] (cam_test) StderrLine: {'line': b'   40 |   \x1b[01;31m\x1b[Kshow_image_publisher_\x1b[m\x1b[K = image_transport::create_publisher(this, "show_image");\n'}
[2.124892] (cam_test) StderrLine: {'line': b'      |   \x1b[01;31m\x1b[K^~~~~~~~~~~~~~~~~~~~~\x1b[m\x1b[K\n'}
[2.124994] (cam_test) StderrLine: {'line': b'\x1b[01m\x1b[K/home/joe/cam_test/src/cam_pub.cpp:140:22:\x1b[m\x1b[K \x1b[01;31m\x1b[Kerror: \x1b[m\x1b[Knon-static data member declared with placeholder \xe2\x80\x98\x1b[01m\x1b[Kauto\x1b[m\x1b[K\xe2\x80\x99\n'}
[2.125082] (cam_test) StderrLine: {'line': b'  140 |                      \x1b[01;31m\x1b[Kauto\x1b[m\x1b[K show_image_msg = cv_bridge::CvImage(img_msg_raw->header, "rgb8", originImage).toImageMsg();\n'}
[2.125162] (cam_test) StderrLine: {'line': b'      |                      \x1b[01;31m\x1b[K^~~~\x1b[m\x1b[K\n'}
[2.132090] (cam_test) StderrLine: {'line': b'\x1b[01m\x1b[K/home/joe/cam_test/src/cam_pub.cpp:141:22:\x1b[m\x1b[K \x1b[01;31m\x1b[Kerror: \x1b[m\x1b[K\xe2\x80\x98\x1b[01m\x1b[Kshow_image_publisher_\x1b[m\x1b[K\xe2\x80\x99 does not name a type\n'}
[2.132332] (cam_test) StderrLine: {'line': b'  141 |                      \x1b[01;31m\x1b[Kshow_image_publisher_\x1b[m\x1b[K.publish(show_image_msg);\n'}
[2.132401] (cam_test) StderrLine: {'line': b'      |                      \x1b[01;31m\x1b[K^~~~~~~~~~~~~~~~~~~~~\x1b[m\x1b[K\n'}
[2.157597] (cam_test) StderrLine: {'line': b'\x1b[01m\x1b[K/home/joe/cam_test/src/cam_pub.cpp:\x1b[m\x1b[K In member function \xe2\x80\x98\x1b[01m\x1b[Kvoid MinimalPublisher::imageProducer()\x1b[m\x1b[K\xe2\x80\x99:\n'}
[2.158073] (cam_test) StderrLine: {'line': b'\x1b[01m\x1b[K/home/joe/cam_test/src/cam_pub.cpp:104:24:\x1b[m\x1b[K \x1b[01;35m\x1b[Kwarning: \x1b[m\x1b[Kunused variable \xe2\x80\x98\x1b[01m\x1b[KtimeStamp\x1b[m\x1b[K\xe2\x80\x99 [\x1b[01;35m\x1b[K-Wunused-variable\x1b[m\x1b[K]\n'}
[2.158320] (cam_test) StderrLine: {'line': b'  104 |                 double \x1b[01;35m\x1b[KtimeStamp\x1b[m\x1b[K = (static_cast<std::chrono::duration<double, std::milli>>(\n'}
[2.158420] (cam_test) StderrLine: {'line': b'      |                        \x1b[01;35m\x1b[K^~~~~~~~~\x1b[m\x1b[K\n'}
[2.215220] (-) TimerEvent: {}
[2.316115] (-) TimerEvent: {}
[2.417023] (-) TimerEvent: {}
[2.517733] (-) TimerEvent: {}
[2.618521] (-) TimerEvent: {}
[2.719290] (-) TimerEvent: {}
[2.819966] (-) TimerEvent: {}
[2.920729] (-) TimerEvent: {}
[3.021903] (-) TimerEvent: {}
[3.122744] (-) TimerEvent: {}
[3.223351] (-) TimerEvent: {}
[3.258320] (cam_test) StderrLine: {'line': b'make[2]: *** [CMakeFiles/cam_test.dir/build.make:63: CMakeFiles/cam_test.dir/src/cam_pub.cpp.o] Error 1\n'}
[3.258675] (cam_test) StderrLine: {'line': b'make[1]: *** [CMakeFiles/Makefile2:107: CMakeFiles/cam_test.dir/all] Error 2\n'}
[3.259055] (cam_test) StderrLine: {'line': b'make: *** [Makefile:141: all] Error 2\n'}
[3.262763] (cam_test) CommandEnded: {'returncode': 2}
[3.318581] (cam_test) JobEnded: {'identifier': 'cam_test', 'rc': 2}
[3.323527] (-) TimerEvent: {}
[3.329759] (-) EventReactorShutdown: {}
