[35m[1mScanning dependencies of target cam_test[0m
[ 50%] Built target armor_detector_node
[ 75%] [32mBuilding CXX object CMakeFiles/cam_test.dir/src/cam_pub.cpp.o[0m
[01m[K/home/joe/cam_test/src/cam_pub.cpp:33:3:[m[K [01;31m[Kerror: [m[Kâ€˜[01m[Kshow_image_publisher_[m[Kâ€™ does not name a type
   33 |   [01;31m[Kshow_image_publisher_[m[K = image_transport::create_publisher(this, "show_image");
      |   [01;31m[K^~~~~~~~~~~~~~~~~~~~~[m[K
[01m[K/home/joe/cam_test/src/cam_pub.cpp:134:22:[m[K [01;31m[Kerror: [m[Knon-static data member declared with placeholder â€˜[01m[Kauto[m[Kâ€™
  134 |                      [01;31m[Kauto[m[K show_image_msg = cv_bridge::CvImage(img_msg_raw->header, "rgb8", originImage).toImageMsg();
      |                      [01;31m[K^~~~[m[K
[01m[K/home/joe/cam_test/src/cam_pub.cpp:135:22:[m[K [01;31m[Kerror: [m[Kâ€˜[01m[Kshow_image_publisher_[m[Kâ€™ does not name a type
  135 |                      [01;31m[Kshow_image_publisher_[m[K.publish(show_image_msg);
      |                      [01;31m[K^~~~~~~~~~~~~~~~~~~~~[m[K
[01m[K/home/joe/cam_test/src/cam_pub.cpp:[m[K In member function â€˜[01m[Kvoid MinimalPublisher::imageProducer()[m[Kâ€™:
[01m[K/home/joe/cam_test/src/cam_pub.cpp:73:40:[m[K [01;31m[Kerror: [m[Kâ€˜[01m[KCameraParam[m[Kâ€™ has not been declared
   73 |         CameraSetExposureTime(hCamera, [01;31m[KCameraParam[m[K::exposure);
      |                                        [01;31m[K^~~~~~~~~~~[m[K
[01m[K/home/joe/cam_test/src/cam_pub.cpp:122:18:[m[K [01;31m[Kerror: [m[Kâ€˜[01m[K_framesbuffer[m[Kâ€™ was not declared in this scope
  122 |                  [01;31m[K_framesbuffer[m[K.push(
      |                  [01;31m[K^~~~~~~~~~~~~[m[K
[01m[K/home/joe/cam_test/src/cam_pub.cpp:123:25:[m[K [01;31m[Kerror: [m[Kâ€˜[01m[KFrame[m[Kâ€™ was not declared in this scope
  123 |                         [01;31m[KFrame[m[K{startTime, timeStamp, CameraTimeStamp, vision_pitch, vision_yaw, outputImage});
      |                         [01;31m[K^~~~~[m[K
[01m[K/home/joe/cam_test/src/cam_pub.cpp:97:24:[m[K [01;35m[Kwarning: [m[Kunused variable â€˜[01m[KtimeStamp[m[Kâ€™ [[01;35m[K-Wunused-variable[m[K]
   97 |                 double [01;35m[KtimeStamp[m[K = (static_cast<std::chrono::duration<double, std::milli>>(
      |                        [01;35m[K^~~~~~~~~[m[K
make[2]: *** [CMakeFiles/cam_test.dir/build.make:63: CMakeFiles/cam_test.dir/src/cam_pub.cpp.o] Error 1
make[1]: *** [CMakeFiles/Makefile2:107: CMakeFiles/cam_test.dir/all] Error 2
make: *** [Makefile:141: all] Error 2
