[35m[1mScanning dependencies of target cam_test[0m
[ 50%] Built target armor_detector_node
[ 75%] [32mBuilding CXX object CMakeFiles/cam_test.dir/src/cam_pub.cpp.o[0m
[01m[K/home/joe/cam_test/src/cam_pub.cpp:16:1:[m[K [01;31m[Kerror: [m[Kexpected class-name before â€˜[01m[K{[m[Kâ€™ token
   16 | [01;31m[K{[m[K
      | [01;31m[K^[m[K
[01m[K/home/joe/cam_test/src/cam_pub.cpp:34:13:[m[K [01;31m[Kerror: [m[Kâ€˜[01m[KTimerBase[m[Kâ€™ in namespace â€˜[01m[Krclcpp[m[Kâ€™ does not name a type
   34 |     rclcpp::[01;31m[KTimerBase[m[K::SharedPtr timer_;
      |             [01;31m[K^~~~~~~~~[m[K
[01m[K/home/joe/cam_test/src/cam_pub.cpp:35:13:[m[K [01;31m[Kerror: [m[Kâ€˜[01m[KPublisher[m[Kâ€™ in namespace â€˜[01m[Krclcpp[m[Kâ€™ does not name a template type
   35 |     rclcpp::[01;31m[KPublisher[m[K<std_msgs::msg::String>::SharedPtr publisher_;
      |             [01;31m[K^~~~~~~~~[m[K
[01m[K/home/joe/cam_test/src/cam_pub.cpp:[m[K In constructor â€˜[01m[KMinimalPublisher::MinimalPublisher()[m[Kâ€™:
[01m[K/home/joe/cam_test/src/cam_pub.cpp:19:7:[m[K [01;31m[Kerror: [m[Kclass â€˜[01m[KMinimalPublisher[m[Kâ€™ does not have any field named â€˜[01m[KNode[m[Kâ€™
   19 |     : [01;31m[KNode[m[K("minimal_publisher"), count_(0)
      |       [01;31m[K^~~~[m[K
[01m[K/home/joe/cam_test/src/cam_pub.cpp:21:23:[m[K [01;31m[Kerror: [m[Kexpected unqualified-id before â€˜[01m[K=[m[Kâ€™ token
   21 |       rcl_publisher_t [01;31m[K=[m[K this->create_publisher<std_msgs::msg::String>("topic", 10);
      |                       [01;31m[K^[m[K
[01m[K/home/joe/cam_test/src/cam_pub.cpp:22:7:[m[K [01;31m[Kerror: [m[Kâ€˜[01m[Ktimer_[m[Kâ€™ was not declared in this scope; did you mean â€˜[01m[Ktimer_t[m[Kâ€™?
   22 |       [01;31m[Ktimer_[m[K = this->create_wall_timer(
      |       [01;31m[K^~~~~~[m[K
      |       [32m[Ktimer_t[m[K
[01m[K/home/joe/cam_test/src/cam_pub.cpp:22:22:[m[K [01;31m[Kerror: [m[Kâ€˜[01m[Kclass MinimalPublisher[m[Kâ€™ has no member named â€˜[01m[Kcreate_wall_timer[m[Kâ€™
   22 |       timer_ = this->[01;31m[Kcreate_wall_timer[m[K(
      |                      [01;31m[K^~~~~~~~~~~~~~~~~[m[K
[01m[K/home/joe/cam_test/src/cam_pub.cpp:23:7:[m[K [01;31m[Kerror: [m[Kunable to find numeric literal operator â€˜[01m[Koperator""ms[m[Kâ€™
   23 |       [01;31m[K500ms[m[K, std::bind(&MinimalPublisher::timer_callback, this));
      |       [01;31m[K^~~~~[m[K
[01m[K/home/joe/cam_test/src/cam_pub.cpp:[m[K In member function â€˜[01m[Kvoid MinimalPublisher::timer_callback()[m[Kâ€™:
[01m[K/home/joe/cam_test/src/cam_pub.cpp:31:25:[m[K [01;31m[Kerror: [m[Kâ€˜[01m[Kclass MinimalPublisher[m[Kâ€™ has no member named â€˜[01m[Kget_logger[m[Kâ€™
   31 |       RCLCPP_INFO(this->[01;31m[Kget_logger[m[K(), "Publishing: '%s'", message.data.c_str());
      |                         [01;31m[K^~~~~~~~~~[m[K
[01m[K/home/joe/cam_test/src/cam_pub.cpp:31:7:[m[K [01;31m[Kerror: [m[Kâ€˜[01m[KRCLCPP_INFO[m[Kâ€™ was not declared in this scope; did you mean â€˜[01m[KRCLCPP_IMPORT[m[Kâ€™?
   31 |       [01;31m[KRCLCPP_INFO[m[K(this->get_logger(), "Publishing: '%s'", message.data.c_str());
      |       [01;31m[K^~~~~~~~~~~[m[K
      |       [32m[KRCLCPP_IMPORT[m[K
[01m[K/home/joe/cam_test/src/cam_pub.cpp:32:7:[m[K [01;31m[Kerror: [m[Kâ€˜[01m[Kpublisher_[m[Kâ€™ was not declared in this scope; did you mean â€˜[01m[Krcl_publisher_t[m[Kâ€™?
   32 |       [01;31m[Kpublisher_[m[K->publish(message);
      |       [01;31m[K^~~~~~~~~~[m[K
      |       [32m[Krcl_publisher_t[m[K
[01m[K/home/joe/cam_test/src/cam_pub.cpp:[m[K In function â€˜[01m[Kint main(int, char**)[m[Kâ€™:
[01m[K/home/joe/cam_test/src/cam_pub.cpp:41:11:[m[K [01;31m[Kerror: [m[Kâ€˜[01m[Kinit[m[Kâ€™ is not a member of â€˜[01m[Krclcpp[m[Kâ€™
   41 |   rclcpp::[01;31m[Kinit[m[K(argc, argv);
      |           [01;31m[K^~~~[m[K
[01m[K/home/joe/cam_test/src/cam_pub.cpp:42:11:[m[K [01;31m[Kerror: [m[Kâ€˜[01m[Kspin[m[Kâ€™ is not a member of â€˜[01m[Krclcpp[m[Kâ€™
   42 |   rclcpp::[01;31m[Kspin[m[K(std::make_shared<MinimalPublisher>());
      |           [01;31m[K^~~~[m[K
[01m[K/home/joe/cam_test/src/cam_pub.cpp:43:11:[m[K [01;31m[Kerror: [m[Kâ€˜[01m[Kshutdown[m[Kâ€™ is not a member of â€˜[01m[Krclcpp[m[Kâ€™
   43 |   rclcpp::[01;31m[Kshutdown[m[K();
      |           [01;31m[K^~~~~~~~[m[K
make[2]: *** [CMakeFiles/cam_test.dir/build.make:63: CMakeFiles/cam_test.dir/src/cam_pub.cpp.o] Error 1
make[1]: *** [CMakeFiles/Makefile2:107: CMakeFiles/cam_test.dir/all] Error 2
make: *** [Makefile:141: all] Error 2
