[01m[K/home/joe/cam_test/src/cam_pub.cpp:1:[m[K [01;31m[Kerror: [m[Kunterminated #ifndef
    1 | #ifndef IMAGETRANSPORT_H
      | 
In file included from [01m[K/home/joe/cam_test/src/cam_pub.cpp:5[m[K:
[01m[K/opt/ros/foxy/include/image_transport/image_transport.h:41:89:[m[K [01;36m[Knote: [m[K#pragma message: Warning: This header is deprecated. Use 'image_transport.hpp' instead
   41 | #pragma message ("Warning: This header is deprecated. Use 'image_transport.hpp' instead"[01;36m[K)[m[K
      |                                                                                         [01;36m[K^[m[K
[01m[K/home/joe/cam_test/src/cam_pub.cpp:40:3:[m[K [01;31m[Kerror: [m[Kâ€˜[01m[Kshow_image_publisher_[m[Kâ€™ does not name a type
   40 |   [01;31m[Kshow_image_publisher_[m[K = image_transport::create_publisher(this, "show_image");
      |   [01;31m[K^~~~~~~~~~~~~~~~~~~~~[m[K
[01m[K/home/joe/cam_test/src/cam_pub.cpp:140:22:[m[K [01;31m[Kerror: [m[Knon-static data member declared with placeholder â€˜[01m[Kauto[m[Kâ€™
  140 |                      [01;31m[Kauto[m[K show_image_msg = cv_bridge::CvImage(img_msg_raw->header, "rgb8", originImage).toImageMsg();
      |                      [01;31m[K^~~~[m[K
[01m[K/home/joe/cam_test/src/cam_pub.cpp:141:22:[m[K [01;31m[Kerror: [m[Kâ€˜[01m[Kshow_image_publisher_[m[Kâ€™ does not name a type
  141 |                      [01;31m[Kshow_image_publisher_[m[K.publish(show_image_msg);
      |                      [01;31m[K^~~~~~~~~~~~~~~~~~~~~[m[K
[01m[K/home/joe/cam_test/src/cam_pub.cpp:[m[K In member function â€˜[01m[Kvoid MinimalPublisher::imageProducer()[m[Kâ€™:
[01m[K/home/joe/cam_test/src/cam_pub.cpp:104:24:[m[K [01;35m[Kwarning: [m[Kunused variable â€˜[01m[KtimeStamp[m[Kâ€™ [[01;35m[K-Wunused-variable[m[K]
  104 |                 double [01;35m[KtimeStamp[m[K = (static_cast<std::chrono::duration<double, std::milli>>(
      |                        [01;35m[K^~~~~~~~~[m[K
make[2]: *** [CMakeFiles/cam_test.dir/build.make:63: CMakeFiles/cam_test.dir/src/cam_pub.cpp.o] Error 1
make[1]: *** [CMakeFiles/Makefile2:107: CMakeFiles/cam_test.dir/all] Error 2
make: *** [Makefile:141: all] Error 2
