[0.017s] Invoking command in '/home/joe/cam_test/build/cam_test': CMAKE_PREFIX_PATH=/opt/ros/foxy /usr/bin/cmake --build /home/joe/cam_test/build/cam_test -- -j12 -l12
[0.057s] [35m[1mScanning dependencies of target cam_test[0m
[0.077s] [ 50%] Built target armor_detector_node
[0.081s] [ 75%] [32mBuilding CXX object CMakeFiles/cam_test.dir/src/cam_pub.cpp.o[0m
[0.758s] [01m[K/home/joe/cam_test/src/cam_pub.cpp:14:36:[m[K [01;31m[Kerror: [m[Kexpected class-name before â€˜[01m[K{[m[Kâ€™ token
[0.758s]    14 | class cam_pub : public rclcpp::Node[01;31m[K{[m[K
[0.758s]       |                                    [01;31m[K^[m[K
[0.758s] [01m[K/home/joe/cam_test/src/cam_pub.cpp:16:22:[m[K [01;31m[Kerror: [m[KISO C++ forbids declaration of â€˜[01m[KMinimalPublisher[m[Kâ€™ with no type [[01;31m[K-fpermissive[m[K]
[0.758s]    16 |     MinimalPublisher([01;31m[K)[m[K
[0.759s]       |                      [01;31m[K^[m[K
[0.759s] [01m[K/home/joe/cam_test/src/cam_pub.cpp:130:13:[m[K [01;31m[Kerror: [m[Kâ€˜[01m[KTimerBase[m[Kâ€™ in namespace â€˜[01m[Krclcpp[m[Kâ€™ does not name a type
[0.759s]   130 |     rclcpp::[01;31m[KTimerBase[m[K::SharedPtr timer_;
[0.759s]       |             [01;31m[K^~~~~~~~~[m[K
[0.759s] [01m[K/home/joe/cam_test/src/cam_pub.cpp:131:13:[m[K [01;31m[Kerror: [m[Kâ€˜[01m[KPublisher[m[Kâ€™ in namespace â€˜[01m[Krclcpp[m[Kâ€™ does not name a template type
[0.759s]   131 |     rclcpp::[01;31m[KPublisher[m[K<std_msgs::msg::String>::SharedPtr publisher_;
[0.759s]       |             [01;31m[K^~~~~~~~~[m[K
[0.759s] [01m[K/home/joe/cam_test/src/cam_pub.cpp:134:2:[m[K [01;31m[Kerror: [m[Kexpected â€˜[01m[K;[m[Kâ€™ after class definition
[0.759s]   134 | }
[0.759s]       |  [01;31m[K^[m[K
[0.759s]       |  [32m[K;[m[K
[0.760s] [01m[K/home/joe/cam_test/src/cam_pub.cpp:[m[K In member function â€˜[01m[Kint cam_pub::MinimalPublisher()[m[Kâ€™:
[0.760s] [01m[K/home/joe/cam_test/src/cam_pub.cpp:17:7:[m[K [01;31m[Kerror: [m[Konly constructors take member initializers
[0.760s]    17 |     : [01;31m[KNode[m[K("cam_pub"), count_(0)
[0.760s]       |       [01;31m[K^~~~[m[K
[0.760s] [01m[K/home/joe/cam_test/src/cam_pub.cpp:17:7:[m[K [01;31m[Kerror: [m[Kclass â€˜[01m[Kcam_pub[m[Kâ€™ does not have any field named â€˜[01m[KNode[m[Kâ€™
[0.765s] [01m[K/home/joe/cam_test/src/cam_pub.cpp:19:7:[m[K [01;31m[Kerror: [m[Kâ€˜[01m[Kpublisher_[m[Kâ€™ was not declared in this scope; did you mean â€˜[01m[Krcl_publisher_t[m[Kâ€™?
[0.765s]    19 |       [01;31m[Kpublisher_[m[K = this->create_publisher<sensor_msgs::msg::Image>("image_pub", 10);
[0.765s]       |       [01;31m[K^~~~~~~~~~[m[K
[0.766s]       |       [32m[Krcl_publisher_t[m[K
[0.766s] [01m[K/home/joe/cam_test/src/cam_pub.cpp:19:26:[m[K [01;31m[Kerror: [m[Kâ€˜[01m[Kclass cam_pub[m[Kâ€™ has no member named â€˜[01m[Kcreate_publisher[m[Kâ€™
[0.766s]    19 |       publisher_ = this->[01;31m[Kcreate_publisher[m[K<sensor_msgs::msg::Image>("image_pub", 10);
[0.766s]       |                          [01;31m[K^~~~~~~~~~~~~~~~[m[K
[0.766s] [01m[K/home/joe/cam_test/src/cam_pub.cpp:19:66:[m[K [01;31m[Kerror: [m[Kexpected primary-expression before â€˜[01m[K>[m[Kâ€™ token
[0.766s]    19 |       publisher_ = this->create_publisher<sensor_msgs::msg::Image[01;31m[K>[m[K("image_pub", 10);
[0.767s]       |                                                                  [01;31m[K^[m[K
[0.767s] [01m[K/home/joe/cam_test/src/cam_pub.cpp:19:68:[m[K [01;35m[Kwarning: [m[Kleft operand of comma operator has no effect [[01;35m[K-Wunused-value[m[K]
[0.767s]    19 |       publisher_ = this->create_publisher<sensor_msgs::msg::Image>([01;35m[K"image_pub"[m[K, 10);
[0.768s]       |                                                                    [01;35m[K^~~~~~~~~~~[m[K
[0.768s] [01m[K/home/joe/cam_test/src/cam_pub.cpp:20:7:[m[K [01;31m[Kerror: [m[Kâ€˜[01m[Ktimer_[m[Kâ€™ was not declared in this scope; did you mean â€˜[01m[Ktimer_t[m[Kâ€™?
[0.768s]    20 |       [01;31m[Ktimer_[m[K = this->create_wall_timer(
[0.768s]       |       [01;31m[K^~~~~~[m[K
[0.768s]       |       [32m[Ktimer_t[m[K
[0.768s] [01m[K/home/joe/cam_test/src/cam_pub.cpp:20:22:[m[K [01;31m[Kerror: [m[Kâ€˜[01m[Kclass cam_pub[m[Kâ€™ has no member named â€˜[01m[Kcreate_wall_timer[m[Kâ€™
[0.768s]    20 |       timer_ = this->[01;31m[Kcreate_wall_timer[m[K(
[0.768s]       |                      [01;31m[K^~~~~~~~~~~~~~~~~[m[K
[0.768s] [01m[K/home/joe/cam_test/src/cam_pub.cpp:21:7:[m[K [01;31m[Kerror: [m[Kunable to find numeric literal operator â€˜[01m[Koperator""ms[m[Kâ€™
[0.768s]    21 |       [01;31m[K500ms[m[K, std::bind(&cam_pub::timer_callback, this));
[0.769s]       |       [01;31m[K^~~~~[m[K
[0.775s] [01m[K/home/joe/cam_test/src/cam_pub.cpp:22:5:[m[K [01;35m[Kwarning: [m[Kno return statement in function returning non-void [[01;35m[K-Wreturn-type[m[K]
[0.775s]    22 |     [01;35m[K}[m[K
[0.775s]       |     [01;35m[K^[m[K
[0.784s] [01m[K/home/joe/cam_test/src/cam_pub.cpp:[m[K In member function â€˜[01m[Kvoid cam_pub::imageProducer()[m[Kâ€™:
[0.784s] [01m[K/home/joe/cam_test/src/cam_pub.cpp:41:13:[m[K [01;31m[Kerror: [m[Kâ€˜[01m[KROS_ERROR_NAMED[m[Kâ€™ was not declared in this scope
[0.784s]    41 |             [01;31m[KROS_ERROR_NAMED[m[K("capture", "m capture error, state=%d", iStatus);
[0.784s]       |             [01;31m[K^~~~~~~~~~~~~~~[m[K
[0.790s] [01m[K/home/joe/cam_test/src/cam_pub.cpp:46:13:[m[K [01;31m[Kerror: [m[Kâ€˜[01m[KROS_ERROR_NAMED[m[Kâ€™ was not declared in this scope
[0.790s]    46 |             [01;31m[KROS_ERROR_NAMED[m[K("capture", "not connect capture");
[0.790s]       |             [01;31m[K^~~~~~~~~~~~~~~[m[K
[0.795s] [01m[K/home/joe/cam_test/src/cam_pub.cpp:54:13:[m[K [01;31m[Kerror: [m[Kâ€˜[01m[KROS_ERROR_NAMED[m[Kâ€™ was not declared in this scope
[0.795s]    54 |             [01;31m[KROS_ERROR_NAMED[m[K("capture", "capture init fail, state=%d", iStatus);
[0.795s]       |             [01;31m[K^~~~~~~~~~~~~~~[m[K
[0.795s] [01m[K/home/joe/cam_test/src/cam_pub.cpp:62:40:[m[K [01;31m[Kerror: [m[Kâ€˜[01m[KCameraParam[m[Kâ€™ has not been declared
[0.795s]    62 |         CameraSetExposureTime(hCamera, [01;31m[KCameraParam[m[K::exposure);
[0.795s]       |                                        [01;31m[K^~~~~~~~~~~[m[K
[0.798s] [01m[K/home/joe/cam_test/src/cam_pub.cpp:106:31:[m[K [01;31m[Kerror: [m[Kâ€˜[01m[KImagePtr[m[Kâ€™ is not a member of â€˜[01m[Ksensor_msgs[m[Kâ€™
[0.799s]   106 |                  sensor_msgs::[01;31m[KImagePtr[m[K msg;
[0.799s]       |                               [01;31m[K^~~~~~~~[m[K
[0.810s] [01m[K/home/joe/cam_test/src/cam_pub.cpp:110:18:[m[K [01;31m[Kerror: [m[Kâ€˜[01m[Kshow_image_publisher_[m[Kâ€™ was not declared in this scope
[0.810s]   110 |                  [01;31m[Kshow_image_publisher_[m[K.publish(msg);
[0.810s]       |                  [01;31m[K^~~~~~~~~~~~~~~~~~~~~[m[K
[0.817s] [01m[K/home/joe/cam_test/src/cam_pub.cpp:115:18:[m[K [01;31m[Kerror: [m[Kâ€˜[01m[K_framesbuffer[m[Kâ€™ was not declared in this scope
[0.817s]   115 |                  [01;31m[K_framesbuffer[m[K.push(
[0.817s]       |                  [01;31m[K^~~~~~~~~~~~~[m[K
[0.820s] [01m[K/home/joe/cam_test/src/cam_pub.cpp:116:25:[m[K [01;31m[Kerror: [m[Kâ€˜[01m[KFrame[m[Kâ€™ was not declared in this scope
[0.820s]   116 |                         [01;31m[KFrame[m[K{startTime, timeStamp, CameraTimeStamp, vision_pitch, vision_yaw, outputImage});
[0.820s]       |                         [01;31m[K^~~~~[m[K
[0.820s] [01m[K/home/joe/cam_test/src/cam_pub.cpp:86:24:[m[K [01;35m[Kwarning: [m[Kunused variable â€˜[01m[KtimeStamp[m[Kâ€™ [[01;35m[K-Wunused-variable[m[K]
[0.820s]    86 |                 double [01;35m[KtimeStamp[m[K = (static_cast<std::chrono::duration<double, std::milli>>(
[0.820s]       |                        [01;35m[K^~~~~~~~~[m[K
[0.945s] make[2]: *** [CMakeFiles/cam_test.dir/build.make:63: CMakeFiles/cam_test.dir/src/cam_pub.cpp.o] Error 1
[0.946s] make[1]: *** [CMakeFiles/Makefile2:107: CMakeFiles/cam_test.dir/all] Error 2
[0.946s] make: *** [Makefile:141: all] Error 2
[0.951s] Invoked command in '/home/joe/cam_test/build/cam_test' returned '2': CMAKE_PREFIX_PATH=/opt/ros/foxy /usr/bin/cmake --build /home/joe/cam_test/build/cam_test -- -j12 -l12
