[0.024s] Invoking command in '/home/joe/cam_test/build/cam_test': /usr/bin/cmake --build /home/joe/cam_test/build/cam_test -- -j12 -l12
[0.062s] [35m[1mScanning dependencies of target cam_test[0m
[0.082s] [ 50%] Built target armor_detector_node
[0.096s] [ 75%] [32mBuilding CXX object CMakeFiles/cam_test.dir/src/cam_pub.cpp.o[0m
[0.107s] [01m[K/home/joe/cam_test/src/cam_pub.cpp:1:24:[m[K [01;35m[Kwarning: [m[Kextra tokens at end of #ifndef directive
[0.107s]     1 | #ifndef IMAGE_TRANSPORT[01;35m[K/[m[KIMAGE_TRANSPORT
[0.108s]       |                        [01;35m[K^[m[K
[0.108s] [01m[K/home/joe/cam_test/src/cam_pub.cpp:2:9:[m[K [01;35m[Kwarning: [m[KISO C++11 requires whitespace after the macro name
[0.108s]     2 | #define [01;35m[KIMAGE_TRANSPORT[m[K/IMAGE_TRANSPORT
[0.108s]       |         [01;35m[K^~~~~~~~~~~~~~~[m[K
[0.215s] [01m[K/home/joe/cam_test/src/cam_pub.cpp:1:[m[K [01;31m[Kerror: [m[Kunterminated #ifndef
[0.215s]     1 | #ifndef IMAGE_TRANSPORT/IMAGE_TRANSPORT
[0.215s]       | 
[0.215s] In file included from [01m[K/home/joe/cam_test/src/cam_pub.cpp:5[m[K:
[0.215s] [01m[K/opt/ros/foxy/include/image_transport/image_transport.h:41:89:[m[K [01;36m[Knote: [m[K#pragma message: Warning: This header is deprecated. Use 'image_transport.hpp' instead
[0.216s]    41 | #pragma message ("Warning: This header is deprecated. Use 'image_transport.hpp' instead"[01;36m[K)[m[K
[0.216s]       |                                                                                         [01;36m[K^[m[K
[1.470s] [01m[K/home/joe/cam_test/src/cam_pub.cpp:40:3:[m[K [01;31m[Kerror: [m[Kâ€˜[01m[Kshow_image_publisher_[m[Kâ€™ does not name a type
[1.470s]    40 |   [01;31m[Kshow_image_publisher_[m[K = image_transport::create_publisher(this, "show_image");
[1.470s]       |   [01;31m[K^~~~~~~~~~~~~~~~~~~~~[m[K
[1.470s] [01m[K/home/joe/cam_test/src/cam_pub.cpp:140:22:[m[K [01;31m[Kerror: [m[Knon-static data member declared with placeholder â€˜[01m[Kauto[m[Kâ€™
[1.470s]   140 |                      [01;31m[Kauto[m[K show_image_msg = cv_bridge::CvImage(img_msg_raw->header, "rgb8", originImage).toImageMsg();
[1.470s]       |                      [01;31m[K^~~~[m[K
[1.476s] [01m[K/home/joe/cam_test/src/cam_pub.cpp:141:22:[m[K [01;31m[Kerror: [m[Kâ€˜[01m[Kshow_image_publisher_[m[Kâ€™ does not name a type
[1.476s]   141 |                      [01;31m[Kshow_image_publisher_[m[K.publish(show_image_msg);
[1.476s]       |                      [01;31m[K^~~~~~~~~~~~~~~~~~~~~[m[K
[1.496s] [01m[K/home/joe/cam_test/src/cam_pub.cpp:[m[K In member function â€˜[01m[Kvoid MinimalPublisher::imageProducer()[m[Kâ€™:
[1.496s] [01m[K/home/joe/cam_test/src/cam_pub.cpp:104:24:[m[K [01;35m[Kwarning: [m[Kunused variable â€˜[01m[KtimeStamp[m[Kâ€™ [[01;35m[K-Wunused-variable[m[K]
[1.496s]   104 |                 double [01;35m[KtimeStamp[m[K = (static_cast<std::chrono::duration<double, std::milli>>(
[1.497s]       |                        [01;35m[K^~~~~~~~~[m[K
[2.231s] make[2]: *** [CMakeFiles/cam_test.dir/build.make:63: CMakeFiles/cam_test.dir/src/cam_pub.cpp.o] Error 1
[2.231s] make[1]: *** [CMakeFiles/Makefile2:107: CMakeFiles/cam_test.dir/all] Error 2
[2.231s] make: *** [Makefile:141: all] Error 2
[2.237s] Invoked command in '/home/joe/cam_test/build/cam_test' returned '2': /usr/bin/cmake --build /home/joe/cam_test/build/cam_test -- -j12 -l12
