[0.010s] Invoking command in '/home/joe/cam_test/build/cam_test': CMAKE_PREFIX_PATH=${CMAKE_PREFIX_PATH}:/opt/ros/foxy /usr/bin/cmake --build /home/joe/cam_test/build/cam_test -- -j12 -l12
[0.026s] -- Found ament_cmake: 0.9.9 (/opt/ros/foxy/share/ament_cmake/cmake)
[0.040s] -- Using PYTHON_EXECUTABLE: /usr/bin/python3
[0.149s] -- Found rclcpp: 2.4.0 (/opt/ros/foxy/share/rclcpp/cmake)
[0.198s] -- Using all available rosidl_typesupport_c: rosidl_typesupport_fastrtps_c;rosidl_typesupport_introspection_c
[0.200s] -- Found rosidl_adapter: 1.2.1 (/opt/ros/foxy/share/rosidl_adapter/cmake)
[1.144s] -- Using all available rosidl_typesupport_cpp: rosidl_typesupport_fastrtps_cpp;rosidl_typesupport_introspection_cpp
[1.176s] -- Found rmw_implementation_cmake: 1.0.3 (/opt/ros/foxy/share/rmw_implementation_cmake/cmake)
[1.177s] -- Using RMW implementation 'rmw_fastrtps_cpp' as default
[1.266s] -- Found rclcpp_components: 2.4.0 (/opt/ros/foxy/share/rclcpp_components/cmake)
[1.302s] -- Found cv_bridge: 2.2.1 (/opt/ros/foxy/share/cv_bridge/cmake)
[1.312s] -- Found image_transport: 2.3.0 (/opt/ros/foxy/share/image_transport/cmake)
[1.631s] -- Found ament_lint_auto: 0.9.6 (/opt/ros/foxy/share/ament_lint_auto/cmake)
[1.691s] -- Added test 'copyright' to check source files copyright and LICENSE
[1.749s] -- Added test 'cppcheck' to perform static code analysis on C / C++ code
[1.749s] -- Configured cppcheck include dirs: /home/joe/cam_test/include
[1.749s] -- Configured cppcheck exclude dirs and/or files: 
[1.773s] -- Added test 'cpplint' to check C / C++ code against the Google style
[1.773s] -- Configured cpplint exclude dirs and/or files: 
[1.777s] -- Added test 'flake8' to check Python code syntax and style conventions
[1.784s] -- Added test 'lint_cmake' to check CMake code style
[1.788s] -- Added test 'pep257' to check Python code against some of the style conventions in PEP 257
[1.814s] -- Added test 'uncrustify' to check C / C++ code style
[1.814s] -- Configured uncrustify additional arguments: 
[1.818s] -- Added test 'xmllint' to check XML markup files
[1.820s] -- Configuring done
[1.868s] -- Generating done
[1.869s] -- Build files have been written to: /home/joe/cam_test/build/cam_test
[1.886s] [35m[1mScanning dependencies of target cam_pub[0m
[1.899s] [ 33%] Built target armor_detector_node
[1.902s] [ 66%] Built target cam_test
[1.941s] [ 83%] [32mBuilding CXX object CMakeFiles/cam_pub.dir/src/cam_pub.cpp.o[0m
[3.692s] [100%] [32m[1mLinking CXX executable cam_pub[0m
[3.941s] /usr/bin/ld: /usr/lib/gcc/x86_64-linux-gnu/9/../../../x86_64-linux-gnu/Scrt1.o: in function `_start':
[3.941s] (.text+0x24): undefined reference to `main'
[3.941s] collect2: error: ld returned 1 exit status
[3.942s] make[2]: *** [CMakeFiles/cam_pub.dir/build.make:222: cam_pub] Error 1
[3.942s] make[1]: *** [CMakeFiles/Makefile2:109: CMakeFiles/cam_pub.dir/all] Error 2
[3.942s] make: *** [Makefile:141: all] Error 2
[3.946s] Invoked command in '/home/joe/cam_test/build/cam_test' returned '2': CMAKE_PREFIX_PATH=${CMAKE_PREFIX_PATH}:/opt/ros/foxy /usr/bin/cmake --build /home/joe/cam_test/build/cam_test -- -j12 -l12
