[0.014s] Invoking command in '/home/joe/cam_test/build/cam_test': CMAKE_PREFIX_PATH=/opt/ros/foxy /usr/bin/cmake --build /home/joe/cam_test/build/cam_test -- -j12 -l12
[0.091s] [35m[1mScanning dependencies of target cam_test[0m
[0.101s] [ 50%] Built target armor_detector_node
[0.115s] [ 75%] [32mBuilding CXX object CMakeFiles/cam_test.dir/src/cam_pub.cpp.o[0m
[1.177s] [01m[K/home/joe/cam_test/src/cam_pub.cpp:129:22:[m[K [01;31m[Kerror: [m[Knon-static data member declared with placeholder â€˜[01m[Kauto[m[Kâ€™
[1.178s]   129 |                      [01;31m[Kauto[m[K show_image_msg = cv_bridge::CvImage(img_msg_raw->header, "rgb8", originImage).toImageMsg();
[1.178s]       |                      [01;31m[K^~~~[m[K
[1.183s] [01m[K/home/joe/cam_test/src/cam_pub.cpp:130:22:[m[K [01;31m[Kerror: [m[Kâ€˜[01m[Kshow_image_publisher_[m[Kâ€™ does not name a type
[1.183s]   130 |                      [01;31m[Kshow_image_publisher_[m[K.publish(show_image_msg);
[1.183s]       |                      [01;31m[K^~~~~~~~~~~~~~~~~~~~~[m[K
[1.196s] [01m[K/home/joe/cam_test/src/cam_pub.cpp:[m[K In member function â€˜[01m[Kvoid MinimalPublisher::imageProducer()[m[Kâ€™:
[1.196s] [01m[K/home/joe/cam_test/src/cam_pub.cpp:68:40:[m[K [01;31m[Kerror: [m[Kâ€˜[01m[KCameraParam[m[Kâ€™ has not been declared
[1.196s]    68 |         CameraSetExposureTime(hCamera, [01;31m[KCameraParam[m[K::exposure);
[1.196s]       |                                        [01;31m[K^~~~~~~~~~~[m[K
[1.203s] [01m[K/home/joe/cam_test/src/cam_pub.cpp:117:18:[m[K [01;31m[Kerror: [m[Kâ€˜[01m[K_framesbuffer[m[Kâ€™ was not declared in this scope
[1.203s]   117 |                  [01;31m[K_framesbuffer[m[K.push(
[1.203s]       |                  [01;31m[K^~~~~~~~~~~~~[m[K
[1.205s] [01m[K/home/joe/cam_test/src/cam_pub.cpp:118:25:[m[K [01;31m[Kerror: [m[Kâ€˜[01m[KFrame[m[Kâ€™ was not declared in this scope
[1.205s]   118 |                         [01;31m[KFrame[m[K{startTime, timeStamp, CameraTimeStamp, vision_pitch, vision_yaw, outputImage});
[1.205s]       |                         [01;31m[K^~~~~[m[K
[1.205s] [01m[K/home/joe/cam_test/src/cam_pub.cpp:92:24:[m[K [01;35m[Kwarning: [m[Kunused variable â€˜[01m[KtimeStamp[m[Kâ€™ [[01;35m[K-Wunused-variable[m[K]
[1.205s]    92 |                 double [01;35m[KtimeStamp[m[K = (static_cast<std::chrono::duration<double, std::milli>>(
[1.205s]       |                        [01;35m[K^~~~~~~~~[m[K
[1.766s] make[2]: *** [CMakeFiles/cam_test.dir/build.make:63: CMakeFiles/cam_test.dir/src/cam_pub.cpp.o] Error 1
[1.767s] make[1]: *** [CMakeFiles/Makefile2:107: CMakeFiles/cam_test.dir/all] Error 2
[1.767s] make: *** [Makefile:141: all] Error 2
[1.768s] Invoked command in '/home/joe/cam_test/build/cam_test' returned '2': CMAKE_PREFIX_PATH=/opt/ros/foxy /usr/bin/cmake --build /home/joe/cam_test/build/cam_test -- -j12 -l12
