[35m[1mScanning dependencies of target cam_test[0m
[ 50%] Built target armor_detector_node
[ 75%] [32mBuilding CXX object CMakeFiles/cam_test.dir/src/cam_pub.cpp.o[0m
In file included from [01m[K/home/joe/cam_test/src/cam_pub.cpp:1[m[K:
[01m[K/home/joe/cam_test/include/CameraApi.h:11:10:[m[K [01;31m[Kfatal error: [m[KCameraDefine.h: No such file or directory
   11 | #include [01;31m[K"CameraDefine.h"[m[K
      |          [01;31m[K^~~~~~~~~~~~~~~~[m[K
compilation terminated.
make[2]: *** [CMakeFiles/cam_test.dir/build.make:63: CMakeFiles/cam_test.dir/src/cam_pub.cpp.o] Error 1
make[1]: *** [CMakeFiles/Makefile2:107: CMakeFiles/cam_test.dir/all] Error 2
make: *** [Makefile:141: all] Error 2
