[0.013s] Invoking command in '/home/joe/cam_test/build/cam_test': /usr/bin/cmake --build /home/joe/cam_test/build/cam_test -- -j12 -l12
[0.037s] [35m[1mScanning dependencies of target cam_test[0m
[0.049s] [ 50%] Built target armor_detector_node
[0.060s] [ 75%] [32mBuilding CXX object CMakeFiles/cam_test.dir/src/cam_pub.cpp.o[0m
[1.158s] [01m[K/home/joe/cam_test/src/cam_pub.cpp:36:3:[m[K [01;31m[Kerror: [m[Kâ€˜[01m[Kshow_image_publisher_[m[Kâ€™ does not name a type
[1.158s]    36 |   [01;31m[Kshow_image_publisher_[m[K = image_transport::create_publisher(this, "show_image");
[1.158s]       |   [01;31m[K^~~~~~~~~~~~~~~~~~~~~[m[K
[1.158s] [01m[K/home/joe/cam_test/src/cam_pub.cpp:136:22:[m[K [01;31m[Kerror: [m[Knon-static data member declared with placeholder â€˜[01m[Kauto[m[Kâ€™
[1.159s]   136 |                      [01;31m[Kauto[m[K show_image_msg = cv_bridge::CvImage(img_msg_raw->header, "rgb8", originImage).toImageMsg();
[1.159s]       |                      [01;31m[K^~~~[m[K
[1.164s] [01m[K/home/joe/cam_test/src/cam_pub.cpp:137:22:[m[K [01;31m[Kerror: [m[Kâ€˜[01m[Kshow_image_publisher_[m[Kâ€™ does not name a type
[1.164s]   137 |                      [01;31m[Kshow_image_publisher_[m[K.publish(show_image_msg);
[1.164s]       |                      [01;31m[K^~~~~~~~~~~~~~~~~~~~~[m[K
[1.180s] [01m[K/home/joe/cam_test/src/cam_pub.cpp:[m[K In member function â€˜[01m[Kvoid MinimalPublisher::imageProducer()[m[Kâ€™:
[1.180s] [01m[K/home/joe/cam_test/src/cam_pub.cpp:100:24:[m[K [01;35m[Kwarning: [m[Kunused variable â€˜[01m[KtimeStamp[m[Kâ€™ [[01;35m[K-Wunused-variable[m[K]
[1.180s]   100 |                 double [01;35m[KtimeStamp[m[K = (static_cast<std::chrono::duration<double, std::milli>>(
[1.180s]       |                        [01;35m[K^~~~~~~~~[m[K
[1.794s] make[2]: *** [CMakeFiles/cam_test.dir/build.make:63: CMakeFiles/cam_test.dir/src/cam_pub.cpp.o] Error 1
[1.794s] make[1]: *** [CMakeFiles/Makefile2:107: CMakeFiles/cam_test.dir/all] Error 2
[1.794s] make: *** [Makefile:141: all] Error 2
[1.797s] Invoked command in '/home/joe/cam_test/build/cam_test' returned '2': /usr/bin/cmake --build /home/joe/cam_test/build/cam_test -- -j12 -l12
