[0.000000] (-) TimerEvent: {}
[0.000172] (cam_test) JobQueued: {'identifier': 'cam_test', 'dependencies': OrderedDict()}
[0.000999] (cam_test) JobStarted: {'identifier': 'cam_test'}
[0.008573] (cam_test) JobProgress: {'identifier': 'cam_test', 'progress': 'cmake'}
[0.009117] (cam_test) JobProgress: {'identifier': 'cam_test', 'progress': 'build'}
[0.009898] (cam_test) Command: {'cmd': ['/usr/bin/cmake', '--build', '/home/joe/cam_test/build/cam_test', '--', '-j12', '-l12'], 'cwd': '/home/joe/cam_test/build/cam_test', 'env': OrderedDict([('USER', 'joe'), ('WT_PROFILE_ID', '{07b52e3e-de2c-5db4-bd2d-ba144ed6c273}'), ('SHLVL', '1'), ('LD_LIBRARY_PATH', '/opt/ros/foxy/opt/yaml_cpp_vendor/lib:/opt/ros/foxy/opt/rviz_ogre_vendor/lib:/opt/ros/foxy/lib/x86_64-linux-gnu:/opt/ros/foxy/lib'), ('HOME', '/home/joe'), ('OLDPWD', '/home/joe'), ('LESS', '-R'), ('ZSH', '/home/joe/.oh-my-zsh'), ('LSCOLORS', 'Gxfxcxdxbxegedabagacad'), ('PAGER', 'less'), ('ROS_PYTHON_VERSION', '3'), ('WSL_DISTRO_NAME', 'Ubuntu-20.04'), ('COLCON_PREFIX_PATH', '/home/joe/cam_test/install'), ('ROS_DISTRO', 'foxy'), ('LOGNAME', 'joe'), ('WSL_INTEROP', '/run/WSL/8_interop'), ('NAME', 'LAPTOP-K888OCOC'), ('_', '/usr/bin/colcon'), ('ROS_VERSION', '2'), ('TERM', 'xterm-256color'), ('ROS_LOCALHOST_ONLY', '0'), ('PATH', '/opt/ros/foxy/bin:/usr/local/sbin:/usr/local/bin:/usr/sbin:/usr/bin:/sbin:/bin:/usr/games:/usr/local/games:/mnt/c/windows/system32:/mnt/c/windows:/mnt/c/windows/System32/Wbem:/mnt/c/windows/System32/WindowsPowerShell/v1.0/:/mnt/c/windows/System32/OpenSSH/:/mnt/c/Program Files (x86)/NVIDIA Corporation/PhysX/Common:/mnt/c/Program Files/NVIDIA Corporation/NVIDIA NvDLISR:/mnt/c/Users/stan/AppData/Local/Microsoft/WindowsApps:/mnt/c/vscode/Microsoft VS Code/bin'), ('WT_SESSION', '6bde64ef-e6ff-4688-8cae-2bb725f01482'), ('LANG', 'en_US.UTF-8'), ('LS_COLORS', 'rs=0:di=01;34:ln=01;36:mh=00:pi=40;33:so=01;35:do=01;35:bd=40;33;01:cd=40;33;01:or=40;31;01:mi=00:su=37;41:sg=30;43:ca=30;41:tw=30;42:ow=34;42:st=37;44:ex=01;32:*.tar=01;31:*.tgz=01;31:*.arc=01;31:*.arj=01;31:*.taz=01;31:*.lha=01;31:*.lz4=01;31:*.lzh=01;31:*.lzma=01;31:*.tlz=01;31:*.txz=01;31:*.tzo=01;31:*.t7z=01;31:*.zip=01;31:*.z=01;31:*.dz=01;31:*.gz=01;31:*.lrz=01;31:*.lz=01;31:*.lzo=01;31:*.xz=01;31:*.zst=01;31:*.tzst=01;31:*.bz2=01;31:*.bz=01;31:*.tbz=01;31:*.tbz2=01;31:*.tz=01;31:*.deb=01;31:*.rpm=01;31:*.jar=01;31:*.war=01;31:*.ear=01;31:*.sar=01;31:*.rar=01;31:*.alz=01;31:*.ace=01;31:*.zoo=01;31:*.cpio=01;31:*.7z=01;31:*.rz=01;31:*.cab=01;31:*.wim=01;31:*.swm=01;31:*.dwm=01;31:*.esd=01;31:*.jpg=01;35:*.jpeg=01;35:*.mjpg=01;35:*.mjpeg=01;35:*.gif=01;35:*.bmp=01;35:*.pbm=01;35:*.pgm=01;35:*.ppm=01;35:*.tga=01;35:*.xbm=01;35:*.xpm=01;35:*.tif=01;35:*.tiff=01;35:*.png=01;35:*.svg=01;35:*.svgz=01;35:*.mng=01;35:*.pcx=01;35:*.mov=01;35:*.mpg=01;35:*.mpeg=01;35:*.m2v=01;35:*.mkv=01;35:*.webm=01;35:*.ogm=01;35:*.mp4=01;35:*.m4v=01;35:*.mp4v=01;35:*.vob=01;35:*.qt=01;35:*.nuv=01;35:*.wmv=01;35:*.asf=01;35:*.rm=01;35:*.rmvb=01;35:*.flc=01;35:*.avi=01;35:*.fli=01;35:*.flv=01;35:*.gl=01;35:*.dl=01;35:*.xcf=01;35:*.xwd=01;35:*.yuv=01;35:*.cgm=01;35:*.emf=01;35:*.ogv=01;35:*.ogx=01;35:*.aac=00;36:*.au=00;36:*.flac=00;36:*.m4a=00;36:*.mid=00;36:*.midi=00;36:*.mka=00;36:*.mp3=00;36:*.mpc=00;36:*.ogg=00;36:*.ra=00;36:*.wav=00;36:*.oga=00;36:*.opus=00;36:*.spx=00;36:*.xspf=00;36:'), ('AMENT_PREFIX_PATH', '/opt/ros/foxy'), ('SHELL', '/usr/bin/zsh'), ('PWD', '/home/joe/cam_test/build/cam_test'), ('PYTHONPATH', '/opt/ros/foxy/lib/python3.8/site-packages'), ('COLCON', '1'), ('HOSTTYPE', 'x86_64'), ('WSLENV', 'WT_SESSION::WT_PROFILE_ID'), ('CMAKE_PREFIX_PATH', '/opt/ros/foxy')]), 'shell': False}
[0.046964] (cam_test) StdoutLine: {'line': b'[ 25%] \x1b[32mBuilding CXX object CMakeFiles/cam_test.dir/src/cam_pub.cpp.o\x1b[0m\n'}
[0.050302] (cam_test) StdoutLine: {'line': b'[ 75%] Built target armor_detector_node\n'}
[0.099726] (-) TimerEvent: {}
[0.200124] (-) TimerEvent: {}
[0.300505] (-) TimerEvent: {}
[0.400879] (-) TimerEvent: {}
[0.501292] (-) TimerEvent: {}
[0.591671] (cam_test) StderrLine: {'line': b'\x1b[01m\x1b[K/home/joe/cam_test/src/cam_pub.cpp:11:23:\x1b[m\x1b[K \x1b[01;31m\x1b[Kerror: \x1b[m\x1b[K\xe2\x80\x98\x1b[01m\x1b[KPioneer\x1b[m\x1b[K\xe2\x80\x99 has not been declared\n'}
[0.591893] (cam_test) StderrLine: {'line': b'   11 |     [[noreturn]] void \x1b[01;31m\x1b[KPioneer\x1b[m\x1b[K::imageProducer() {\n'}
[0.591948] (cam_test) StderrLine: {'line': b'      |                       \x1b[01;31m\x1b[K^~~~~~~\x1b[m\x1b[K\n'}
[0.591989] (cam_test) StderrLine: {'line': b'\x1b[01m\x1b[K/home/joe/cam_test/src/cam_pub.cpp:\x1b[m\x1b[K In function \xe2\x80\x98\x1b[01m\x1b[Kvoid imageProducer()\x1b[m\x1b[K\xe2\x80\x99:\n'}
[0.592026] (cam_test) StderrLine: {'line': b'\x1b[01m\x1b[K/home/joe/cam_test/src/cam_pub.cpp:12:23:\x1b[m\x1b[K \x1b[01;31m\x1b[Kerror: \x1b[m\x1b[K\xe2\x80\x98\x1b[01m\x1b[Krclcpp::Node\x1b[m\x1b[K\xe2\x80\x99 has not been declared\n'}
[0.592066] (cam_test) StderrLine: {'line': b'   12 |   auto node = rclcpp::\x1b[01;31m\x1b[KNode\x1b[m\x1b[K::make_shared("camera_image_pub");\n'}
[0.592104] (cam_test) StderrLine: {'line': b'      |                       \x1b[01;31m\x1b[K^~~~\x1b[m\x1b[K\n'}
[0.594945] (cam_test) StderrLine: {'line': b'\x1b[01m\x1b[K/home/joe/cam_test/src/cam_pub.cpp:29:13:\x1b[m\x1b[K \x1b[01;31m\x1b[Kerror: \x1b[m\x1b[K\xe2\x80\x98\x1b[01m\x1b[KROS_ERROR_NAMED\x1b[m\x1b[K\xe2\x80\x99 was not declared in this scope\n'}
[0.595075] (cam_test) StderrLine: {'line': b'   29 |             \x1b[01;31m\x1b[KROS_ERROR_NAMED\x1b[m\x1b[K("capture", "m capture error, state=%d", iStatus);\n'}
[0.595118] (cam_test) StderrLine: {'line': b'      |             \x1b[01;31m\x1b[K^~~~~~~~~~~~~~~\x1b[m\x1b[K\n'}
[0.597521] (cam_test) StderrLine: {'line': b'\x1b[01m\x1b[K/home/joe/cam_test/src/cam_pub.cpp:34:13:\x1b[m\x1b[K \x1b[01;31m\x1b[Kerror: \x1b[m\x1b[K\xe2\x80\x98\x1b[01m\x1b[KROS_ERROR_NAMED\x1b[m\x1b[K\xe2\x80\x99 was not declared in this scope\n'}
[0.597654] (cam_test) StderrLine: {'line': b'   34 |             \x1b[01;31m\x1b[KROS_ERROR_NAMED\x1b[m\x1b[K("capture", "not connect capture");\n'}
[0.597717] (cam_test) StderrLine: {'line': b'      |             \x1b[01;31m\x1b[K^~~~~~~~~~~~~~~\x1b[m\x1b[K\n'}
[0.600316] (cam_test) StderrLine: {'line': b'\x1b[01m\x1b[K/home/joe/cam_test/src/cam_pub.cpp:42:13:\x1b[m\x1b[K \x1b[01;31m\x1b[Kerror: \x1b[m\x1b[K\xe2\x80\x98\x1b[01m\x1b[KROS_ERROR_NAMED\x1b[m\x1b[K\xe2\x80\x99 was not declared in this scope\n'}
[0.600450] (cam_test) StderrLine: {'line': b'   42 |             \x1b[01;31m\x1b[KROS_ERROR_NAMED\x1b[m\x1b[K("capture", "capture init fail, state=%d", iStatus);\n'}
[0.600506] (cam_test) StderrLine: {'line': b'      |             \x1b[01;31m\x1b[K^~~~~~~~~~~~~~~\x1b[m\x1b[K\n'}
[0.600545] (cam_test) StderrLine: {'line': b'\x1b[01m\x1b[K/home/joe/cam_test/src/cam_pub.cpp:50:40:\x1b[m\x1b[K \x1b[01;31m\x1b[Kerror: \x1b[m\x1b[K\xe2\x80\x98\x1b[01m\x1b[KCameraParam\x1b[m\x1b[K\xe2\x80\x99 has not been declared\n'}
[0.600585] (cam_test) StderrLine: {'line': b'   50 |         CameraSetExposureTime(hCamera, \x1b[01;31m\x1b[KCameraParam\x1b[m\x1b[K::exposure);\n'}
[0.600623] (cam_test) StderrLine: {'line': b'      |                                        \x1b[01;31m\x1b[K^~~~~~~~~~~\x1b[m\x1b[K\n'}
[0.601354] (-) TimerEvent: {}
[0.604810] (cam_test) StderrLine: {'line': b'\x1b[01m\x1b[K/home/joe/cam_test/src/cam_pub.cpp:78:21:\x1b[m\x1b[K \x1b[01;31m\x1b[Kerror: \x1b[m\x1b[K\xe2\x80\x98\x1b[01m\x1b[KROS_ERROR_NAMED\x1b[m\x1b[K\xe2\x80\x99 was not declared in this scope\n'}
[0.604972] (cam_test) StderrLine: {'line': b'   78 |                     \x1b[01;31m\x1b[KROS_ERROR_NAMED\x1b[m\x1b[K("capture", "get CameraTimeStamp failed");\n'}
[0.605019] (cam_test) StderrLine: {'line': b'      |                     \x1b[01;31m\x1b[K^~~~~~~~~~~~~~~\x1b[m\x1b[K\n'}
[0.605497] (cam_test) StderrLine: {'line': b'\x1b[01m\x1b[K/home/joe/cam_test/src/cam_pub.cpp:94:31:\x1b[m\x1b[K \x1b[01;31m\x1b[Kerror: \x1b[m\x1b[K\xe2\x80\x98\x1b[01m\x1b[KImagePtr\x1b[m\x1b[K\xe2\x80\x99 is not a member of \xe2\x80\x98\x1b[01m\x1b[Ksensor_msgs\x1b[m\x1b[K\xe2\x80\x99\n'}
[0.605566] (cam_test) StderrLine: {'line': b'   94 |                  sensor_msgs::\x1b[01;31m\x1b[KImagePtr\x1b[m\x1b[K msg;\n'}
[0.605622] (cam_test) StderrLine: {'line': b'      |                               \x1b[01;31m\x1b[K^~~~~~~~\x1b[m\x1b[K\n'}
[0.612175] (cam_test) StderrLine: {'line': b'\x1b[01m\x1b[K/home/joe/cam_test/src/cam_pub.cpp:98:18:\x1b[m\x1b[K \x1b[01;31m\x1b[Kerror: \x1b[m\x1b[K\xe2\x80\x98\x1b[01m\x1b[Kshow_image_publisher_\x1b[m\x1b[K\xe2\x80\x99 was not declared in this scope\n'}
[0.612352] (cam_test) StderrLine: {'line': b'   98 |                  \x1b[01;31m\x1b[Kshow_image_publisher_\x1b[m\x1b[K.publish(msg);\n'}
[0.612419] (cam_test) StderrLine: {'line': b'      |                  \x1b[01;31m\x1b[K^~~~~~~~~~~~~~~~~~~~~\x1b[m\x1b[K\n'}
[0.615602] (cam_test) StderrLine: {'line': b'\x1b[01m\x1b[K/home/joe/cam_test/src/cam_pub.cpp:103:18:\x1b[m\x1b[K \x1b[01;31m\x1b[Kerror: \x1b[m\x1b[K\xe2\x80\x98\x1b[01m\x1b[K_framesbuffer\x1b[m\x1b[K\xe2\x80\x99 was not declared in this scope\n'}
[0.615815] (cam_test) StderrLine: {'line': b'  103 |                  \x1b[01;31m\x1b[K_framesbuffer\x1b[m\x1b[K.push(\n'}
[0.615870] (cam_test) StderrLine: {'line': b'      |                  \x1b[01;31m\x1b[K^~~~~~~~~~~~~\x1b[m\x1b[K\n'}
[0.617008] (cam_test) StderrLine: {'line': b'\x1b[01m\x1b[K/home/joe/cam_test/src/cam_pub.cpp:104:25:\x1b[m\x1b[K \x1b[01;31m\x1b[Kerror: \x1b[m\x1b[K\xe2\x80\x98\x1b[01m\x1b[KFrame\x1b[m\x1b[K\xe2\x80\x99 was not declared in this scope\n'}
[0.617229] (cam_test) StderrLine: {'line': b'  104 |                         \x1b[01;31m\x1b[KFrame\x1b[m\x1b[K{startTime, timeStamp, CameraTimeStamp, vision_pitch, vision_yaw, outputImage});\n'}
[0.617278] (cam_test) StderrLine: {'line': b'      |                         \x1b[01;31m\x1b[K^~~~~\x1b[m\x1b[K\n'}
[0.617320] (cam_test) StderrLine: {'line': b'\x1b[01m\x1b[K/home/joe/cam_test/src/cam_pub.cpp:74:24:\x1b[m\x1b[K \x1b[01;35m\x1b[Kwarning: \x1b[m\x1b[Kunused variable \xe2\x80\x98\x1b[01m\x1b[KtimeStamp\x1b[m\x1b[K\xe2\x80\x99 [\x1b[01;35m\x1b[K-Wunused-variable\x1b[m\x1b[K]\n'}
[0.617374] (cam_test) StderrLine: {'line': b'   74 |                 double \x1b[01;35m\x1b[KtimeStamp\x1b[m\x1b[K = (static_cast<std::chrono::duration<double, std::milli>>(\n'}
[0.617424] (cam_test) StderrLine: {'line': b'      |                        \x1b[01;35m\x1b[K^~~~~~~~~\x1b[m\x1b[K\n'}
[0.617482] (cam_test) StderrLine: {'line': b'\x1b[01m\x1b[K/home/joe/cam_test/src/cam_pub.cpp:91:23:\x1b[m\x1b[K \x1b[01;35m\x1b[Kwarning: \x1b[m\x1b[Kunused variable \xe2\x80\x98\x1b[01m\x1b[Kvision_pitch\x1b[m\x1b[K\xe2\x80\x99 [\x1b[01;35m\x1b[K-Wunused-variable\x1b[m\x1b[K]\n'}
[0.617526] (cam_test) StderrLine: {'line': b'   91 |                 float \x1b[01;35m\x1b[Kvision_pitch\x1b[m\x1b[K, vision_yaw;\n'}
[0.617567] (cam_test) StderrLine: {'line': b'      |                       \x1b[01;35m\x1b[K^~~~~~~~~~~~\x1b[m\x1b[K\n'}
[0.617610] (cam_test) StderrLine: {'line': b'\x1b[01m\x1b[K/home/joe/cam_test/src/cam_pub.cpp:91:37:\x1b[m\x1b[K \x1b[01;35m\x1b[Kwarning: \x1b[m\x1b[Kunused variable \xe2\x80\x98\x1b[01m\x1b[Kvision_yaw\x1b[m\x1b[K\xe2\x80\x99 [\x1b[01;35m\x1b[K-Wunused-variable\x1b[m\x1b[K]\n'}
[0.617666] (cam_test) StderrLine: {'line': b'   91 |                 float vision_pitch, \x1b[01;35m\x1b[Kvision_yaw\x1b[m\x1b[K;\n'}
[0.617717] (cam_test) StderrLine: {'line': b'      |                                     \x1b[01;35m\x1b[K^~~~~~~~~~\x1b[m\x1b[K\n'}
[0.619951] (cam_test) StderrLine: {'line': b'\x1b[01m\x1b[K/home/joe/cam_test/src/cam_pub.cpp:110:17:\x1b[m\x1b[K \x1b[01;31m\x1b[Kerror: \x1b[m\x1b[K\xe2\x80\x98\x1b[01m\x1b[KROS_WARN_NAMED\x1b[m\x1b[K\xe2\x80\x99 was not declared in this scope; did you mean \xe2\x80\x98\x1b[01m\x1b[KRCL_WARN_UNUSED\x1b[m\x1b[K\xe2\x80\x99?\n'}
[0.620071] (cam_test) StderrLine: {'line': b'  110 |                 \x1b[01;31m\x1b[KROS_WARN_NAMED\x1b[m\x1b[K("capture", "get frame timeout");\n'}
[0.620114] (cam_test) StderrLine: {'line': b'      |                 \x1b[01;31m\x1b[K^~~~~~~~~~~~~~\x1b[m\x1b[K\n'}
[0.620154] (cam_test) StderrLine: {'line': b'      |                 \x1b[32m\x1b[KRCL_WARN_UNUSED\x1b[m\x1b[K\n'}
[0.620894] (cam_test) StderrLine: {'line': b'\x1b[01m\x1b[K/home/joe/cam_test/src/cam_pub.cpp:112:61:\x1b[m\x1b[K \x1b[01;31m\x1b[Kerror: \x1b[m\x1b[K\xe2\x80\x98\x1b[01m\x1b[KFps\x1b[m\x1b[K\xe2\x80\x99 was not declared in this scope\n'}
[0.620976] (cam_test) StderrLine: {'line': b'  112 |             ROS_DEBUG_NAMED("capture", "Camera\'s FPS : %d", \x1b[01;31m\x1b[KFps\x1b[m\x1b[K());\n'}
[0.621019] (cam_test) StderrLine: {'line': b'      |                                                             \x1b[01;31m\x1b[K^~~\x1b[m\x1b[K\n'}
[0.623475] (cam_test) StderrLine: {'line': b'\x1b[01m\x1b[K/home/joe/cam_test/src/cam_pub.cpp:112:13:\x1b[m\x1b[K \x1b[01;31m\x1b[Kerror: \x1b[m\x1b[K\xe2\x80\x98\x1b[01m\x1b[KROS_DEBUG_NAMED\x1b[m\x1b[K\xe2\x80\x99 was not declared in this scope\n'}
[0.623570] (cam_test) StderrLine: {'line': b'  112 |             \x1b[01;31m\x1b[KROS_DEBUG_NAMED\x1b[m\x1b[K("capture", "Camera\'s FPS : %d", Fps());\n'}
[0.623612] (cam_test) StderrLine: {'line': b'      |             \x1b[01;31m\x1b[K^~~~~~~~~~~~~~~\x1b[m\x1b[K\n'}
[0.701523] (-) TimerEvent: {}
[0.735477] (cam_test) StderrLine: {'line': b'make[2]: *** [CMakeFiles/cam_test.dir/build.make:63: CMakeFiles/cam_test.dir/src/cam_pub.cpp.o] Error 1\n'}
[0.735865] (cam_test) StderrLine: {'line': b'make[1]: *** [CMakeFiles/Makefile2:107: CMakeFiles/cam_test.dir/all] Error 2\n'}
[0.735970] (cam_test) StderrLine: {'line': b'make: *** [Makefile:141: all] Error 2\n'}
[0.737542] (cam_test) CommandEnded: {'returncode': 2}
[0.760795] (cam_test) JobEnded: {'identifier': 'cam_test', 'rc': 2}
[0.771358] (-) EventReactorShutdown: {}
