[0.012s] Invoking command in '/home/joe/cam_test/build/cam_test': CMAKE_PREFIX_PATH=${CMAKE_PREFIX_PATH}:/opt/ros/foxy /usr/bin/cmake --build /home/joe/cam_test/build/cam_test -- -j12 -l12
[0.028s] -- Found ament_cmake: 0.9.9 (/opt/ros/foxy/share/ament_cmake/cmake)
[0.042s] -- Using PYTHON_EXECUTABLE: /usr/bin/python3
[0.149s] -- Found rclcpp: 2.4.0 (/opt/ros/foxy/share/rclcpp/cmake)
[0.195s] -- Using all available rosidl_typesupport_c: rosidl_typesupport_fastrtps_c;rosidl_typesupport_introspection_c
[0.197s] -- Found rosidl_adapter: 1.2.1 (/opt/ros/foxy/share/rosidl_adapter/cmake)
[1.039s] -- Using all available rosidl_typesupport_cpp: rosidl_typesupport_fastrtps_cpp;rosidl_typesupport_introspection_cpp
[1.069s] -- Found rmw_implementation_cmake: 1.0.3 (/opt/ros/foxy/share/rmw_implementation_cmake/cmake)
[1.070s] -- Using RMW implementation 'rmw_fastrtps_cpp' as default
[1.161s] -- Found rclcpp_components: 2.4.0 (/opt/ros/foxy/share/rclcpp_components/cmake)
[1.194s] -- Found cv_bridge: 2.2.1 (/opt/ros/foxy/share/cv_bridge/cmake)
[1.203s] -- Found image_transport: 2.3.0 (/opt/ros/foxy/share/image_transport/cmake)
[1.515s] -- Found ament_lint_auto: 0.9.6 (/opt/ros/foxy/share/ament_lint_auto/cmake)
[1.557s] -- Added test 'copyright' to check source files copyright and LICENSE
[1.569s] -- Added test 'cppcheck' to perform static code analysis on C / C++ code
[1.569s] -- Configured cppcheck include dirs: /home/joe/cam_test/include
[1.569s] -- Configured cppcheck exclude dirs and/or files: 
[1.578s] -- Added test 'cpplint' to check C / C++ code against the Google style
[1.578s] -- Configured cpplint exclude dirs and/or files: 
[1.579s] -- Added test 'flake8' to check Python code syntax and style conventions
[1.581s] -- Added test 'lint_cmake' to check CMake code style
[1.583s] -- Added test 'pep257' to check Python code against some of the style conventions in PEP 257
[1.592s] -- Added test 'uncrustify' to check C / C++ code style
[1.592s] -- Configured uncrustify additional arguments: 
[1.593s] -- Added test 'xmllint' to check XML markup files
[1.594s] -- Configuring done
[1.615s] -- Generating done
[1.617s] -- Build files have been written to: /home/joe/cam_test/build/cam_test
[1.645s] [ 25%] [32mBuilding CXX object CMakeFiles/cam_test.dir/src/cam_pub.cpp.o[0m
[1.648s] [ 75%] Built target armor_detector_node
[2.202s] [01m[K/home/joe/cam_test/src/cam_pub.cpp:16:1:[m[K [01;31m[Kerror: [m[Kexpected class-name before â€˜[01m[K{[m[Kâ€™ token
[2.202s]    16 | [01;31m[K{[m[K
[2.202s]       | [01;31m[K^[m[K
[2.202s] [01m[K/home/joe/cam_test/src/cam_pub.cpp:34:13:[m[K [01;31m[Kerror: [m[Kâ€˜[01m[KTimerBase[m[Kâ€™ in namespace â€˜[01m[Krclcpp[m[Kâ€™ does not name a type
[2.202s]    34 |     rclcpp::[01;31m[KTimerBase[m[K::SharedPtr timer_;
[2.203s]       |             [01;31m[K^~~~~~~~~[m[K
[2.203s] [01m[K/home/joe/cam_test/src/cam_pub.cpp:35:13:[m[K [01;31m[Kerror: [m[Kâ€˜[01m[KPublisher[m[Kâ€™ in namespace â€˜[01m[Krclcpp[m[Kâ€™ does not name a template type
[2.203s]    35 |     rclcpp::[01;31m[KPublisher[m[K<std_msgs::msg::String>::SharedPtr publisher_;
[2.203s]       |             [01;31m[K^~~~~~~~~[m[K
[2.203s] [01m[K/home/joe/cam_test/src/cam_pub.cpp:[m[K In constructor â€˜[01m[KMinimalPublisher::MinimalPublisher()[m[Kâ€™:
[2.203s] [01m[K/home/joe/cam_test/src/cam_pub.cpp:19:7:[m[K [01;31m[Kerror: [m[Kclass â€˜[01m[KMinimalPublisher[m[Kâ€™ does not have any field named â€˜[01m[KNode[m[Kâ€™
[2.203s]    19 |     : [01;31m[KNode[m[K("minimal_publisher"), count_(0)
[2.203s]       |       [01;31m[K^~~~[m[K
[2.205s] [01m[K/home/joe/cam_test/src/cam_pub.cpp:21:7:[m[K [01;31m[Kerror: [m[Kâ€˜[01m[Kpublisher_[m[Kâ€™ was not declared in this scope; did you mean â€˜[01m[Krcl_publisher_t[m[Kâ€™?
[2.205s]    21 |       [01;31m[Kpublisher_[m[K = this->create_publisher<std_msgs::msg::String>("topic", 10);
[2.205s]       |       [01;31m[K^~~~~~~~~~[m[K
[2.205s]       |       [32m[Krcl_publisher_t[m[K
[2.205s] [01m[K/home/joe/cam_test/src/cam_pub.cpp:21:26:[m[K [01;31m[Kerror: [m[Kâ€˜[01m[Kclass MinimalPublisher[m[Kâ€™ has no member named â€˜[01m[Kcreate_publisher[m[Kâ€™
[2.205s]    21 |       publisher_ = this->[01;31m[Kcreate_publisher[m[K<std_msgs::msg::String>("topic", 10);
[2.205s]       |                          [01;31m[K^~~~~~~~~~~~~~~~[m[K
[2.206s] [01m[K/home/joe/cam_test/src/cam_pub.cpp:21:64:[m[K [01;31m[Kerror: [m[Kexpected primary-expression before â€˜[01m[K>[m[Kâ€™ token
[2.206s]    21 |       publisher_ = this->create_publisher<std_msgs::msg::String[01;31m[K>[m[K("topic", 10);
[2.206s]       |                                                                [01;31m[K^[m[K
[2.206s] [01m[K/home/joe/cam_test/src/cam_pub.cpp:21:66:[m[K [01;35m[Kwarning: [m[Kleft operand of comma operator has no effect [[01;35m[K-Wunused-value[m[K]
[2.206s]    21 |       publisher_ = this->create_publisher<std_msgs::msg::String>([01;35m[K"topic"[m[K, 10);
[2.206s]       |                                                                  [01;35m[K^~~~~~~[m[K
[2.206s] [01m[K/home/joe/cam_test/src/cam_pub.cpp:22:7:[m[K [01;31m[Kerror: [m[Kâ€˜[01m[Ktimer_[m[Kâ€™ was not declared in this scope; did you mean â€˜[01m[Ktimer_t[m[Kâ€™?
[2.206s]    22 |       [01;31m[Ktimer_[m[K = this->create_wall_timer(
[2.206s]       |       [01;31m[K^~~~~~[m[K
[2.206s]       |       [32m[Ktimer_t[m[K
[2.207s] [01m[K/home/joe/cam_test/src/cam_pub.cpp:22:22:[m[K [01;31m[Kerror: [m[Kâ€˜[01m[Kclass MinimalPublisher[m[Kâ€™ has no member named â€˜[01m[Kcreate_wall_timer[m[Kâ€™
[2.207s]    22 |       timer_ = this->[01;31m[Kcreate_wall_timer[m[K(
[2.207s]       |                      [01;31m[K^~~~~~~~~~~~~~~~~[m[K
[2.207s] [01m[K/home/joe/cam_test/src/cam_pub.cpp:23:7:[m[K [01;31m[Kerror: [m[Kunable to find numeric literal operator â€˜[01m[Koperator""ms[m[Kâ€™
[2.207s]    23 |       [01;31m[K500ms[m[K, std::bind(&MinimalPublisher::timer_callback, this));
[2.207s]       |       [01;31m[K^~~~~[m[K
[2.212s] [01m[K/home/joe/cam_test/src/cam_pub.cpp:[m[K In member function â€˜[01m[Kvoid MinimalPublisher::timer_callback()[m[Kâ€™:
[2.212s] [01m[K/home/joe/cam_test/src/cam_pub.cpp:31:25:[m[K [01;31m[Kerror: [m[Kâ€˜[01m[Kclass MinimalPublisher[m[Kâ€™ has no member named â€˜[01m[Kget_logger[m[Kâ€™
[2.212s]    31 |       RCLCPP_INFO(this->[01;31m[Kget_logger[m[K(), "Publishing: '%s'", message.data.c_str());
[2.212s]       |                         [01;31m[K^~~~~~~~~~[m[K
[2.215s] [01m[K/home/joe/cam_test/src/cam_pub.cpp:31:7:[m[K [01;31m[Kerror: [m[Kâ€˜[01m[KRCLCPP_INFO[m[Kâ€™ was not declared in this scope; did you mean â€˜[01m[KRCLCPP_IMPORT[m[Kâ€™?
[2.215s]    31 |       [01;31m[KRCLCPP_INFO[m[K(this->get_logger(), "Publishing: '%s'", message.data.c_str());
[2.215s]       |       [01;31m[K^~~~~~~~~~~[m[K
[2.215s]       |       [32m[KRCLCPP_IMPORT[m[K
[2.218s] [01m[K/home/joe/cam_test/src/cam_pub.cpp:32:7:[m[K [01;31m[Kerror: [m[Kâ€˜[01m[Kpublisher_[m[Kâ€™ was not declared in this scope; did you mean â€˜[01m[Krcl_publisher_t[m[Kâ€™?
[2.218s]    32 |       [01;31m[Kpublisher_[m[K->publish(message);
[2.218s]       |       [01;31m[K^~~~~~~~~~[m[K
[2.218s]       |       [32m[Krcl_publisher_t[m[K
[2.219s] [01m[K/home/joe/cam_test/src/cam_pub.cpp:[m[K In function â€˜[01m[Kint main(int, char**)[m[Kâ€™:
[2.219s] [01m[K/home/joe/cam_test/src/cam_pub.cpp:41:11:[m[K [01;31m[Kerror: [m[Kâ€˜[01m[Kinit[m[Kâ€™ is not a member of â€˜[01m[Krclcpp[m[Kâ€™
[2.219s]    41 |   rclcpp::[01;31m[Kinit[m[K(argc, argv);
[2.219s]       |           [01;31m[K^~~~[m[K
[2.219s] [01m[K/home/joe/cam_test/src/cam_pub.cpp:42:11:[m[K [01;31m[Kerror: [m[Kâ€˜[01m[Kspin[m[Kâ€™ is not a member of â€˜[01m[Krclcpp[m[Kâ€™
[2.219s]    42 |   rclcpp::[01;31m[Kspin[m[K(std::make_shared<MinimalPublisher>());
[2.219s]       |           [01;31m[K^~~~[m[K
[2.221s] [01m[K/home/joe/cam_test/src/cam_pub.cpp:43:11:[m[K [01;31m[Kerror: [m[Kâ€˜[01m[Kshutdown[m[Kâ€™ is not a member of â€˜[01m[Krclcpp[m[Kâ€™
[2.221s]    43 |   rclcpp::[01;31m[Kshutdown[m[K();
[2.221s]       |           [01;31m[K^~~~~~~~[m[K
[2.329s] make[2]: *** [CMakeFiles/cam_test.dir/build.make:63: CMakeFiles/cam_test.dir/src/cam_pub.cpp.o] Error 1
[2.329s] make[1]: *** [CMakeFiles/Makefile2:107: CMakeFiles/cam_test.dir/all] Error 2
[2.329s] make: *** [Makefile:141: all] Error 2
[2.333s] Invoked command in '/home/joe/cam_test/build/cam_test' returned '2': CMAKE_PREFIX_PATH=${CMAKE_PREFIX_PATH}:/opt/ros/foxy /usr/bin/cmake --build /home/joe/cam_test/build/cam_test -- -j12 -l12
