[0.026s] Invoking command in '/home/joe/cam_test/build/cam_test': CMAKE_PREFIX_PATH=/opt/ros/foxy /usr/bin/cmake --build /home/joe/cam_test/build/cam_test -- -j12 -l12
[0.070s] [35m[1mScanning dependencies of target cam_test[0m
[0.092s] [ 50%] Built target armor_detector_node
[0.093s] [ 75%] [32mBuilding CXX object CMakeFiles/cam_test.dir/src/cam_pub.cpp.o[0m
[0.804s] [01m[K/home/joe/cam_test/src/cam_pub.cpp:15:36:[m[K [01;31m[Kerror: [m[Kexpected class-name before â€˜[01m[K{[m[Kâ€™ token
[0.805s]    15 | class cam_pub : public rclcpp::Node[01;31m[K{[m[K
[0.805s]       |                                    [01;31m[K^[m[K
[0.805s] [01m[K/home/joe/cam_test/src/cam_pub.cpp:17:22:[m[K [01;31m[Kerror: [m[KISO C++ forbids declaration of â€˜[01m[KMinimalPublisher[m[Kâ€™ with no type [[01;31m[K-fpermissive[m[K]
[0.805s]    17 |     MinimalPublisher([01;31m[K)[m[K
[0.805s]       |                      [01;31m[K^[m[K
[0.805s] [01m[K/home/joe/cam_test/src/cam_pub.cpp:31:13:[m[K [01;31m[Kerror: [m[Kâ€˜[01m[KTimerBase[m[Kâ€™ in namespace â€˜[01m[Krclcpp[m[Kâ€™ does not name a type
[0.805s]    31 |     rclcpp::[01;31m[KTimerBase[m[K::SharedPtr timer_;
[0.805s]       |             [01;31m[K^~~~~~~~~[m[K
[0.805s] [01m[K/home/joe/cam_test/src/cam_pub.cpp:32:13:[m[K [01;31m[Kerror: [m[Kâ€˜[01m[KPublisher[m[Kâ€™ in namespace â€˜[01m[Krclcpp[m[Kâ€™ does not name a template type
[0.806s]    32 |     rclcpp::[01;31m[KPublisher[m[K<std_msgs::msg::Image>::SharedPtr publisher_;
[0.806s]       |             [01;31m[K^~~~~~~~~[m[K
[0.806s] [01m[K/home/joe/cam_test/src/cam_pub.cpp:35:2:[m[K [01;31m[Kerror: [m[Kexpected â€˜[01m[K;[m[Kâ€™ after class definition
[0.806s]    35 | }
[0.806s]       |  [01;31m[K^[m[K
[0.806s]       |  [32m[K;[m[K
[0.806s] [01m[K/home/joe/cam_test/src/cam_pub.cpp:[m[K In member function â€˜[01m[Kint cam_pub::MinimalPublisher()[m[Kâ€™:
[0.806s] [01m[K/home/joe/cam_test/src/cam_pub.cpp:18:7:[m[K [01;31m[Kerror: [m[Konly constructors take member initializers
[0.806s]    18 |     : [01;31m[KNode[m[K("cam_pub"), count_(0)
[0.806s]       |       [01;31m[K^~~~[m[K
[0.806s] [01m[K/home/joe/cam_test/src/cam_pub.cpp:18:7:[m[K [01;31m[Kerror: [m[Kclass â€˜[01m[Kcam_pub[m[Kâ€™ does not have any field named â€˜[01m[KNode[m[Kâ€™
[0.809s] [01m[K/home/joe/cam_test/src/cam_pub.cpp:20:7:[m[K [01;31m[Kerror: [m[Kâ€˜[01m[Kpublisher_[m[Kâ€™ was not declared in this scope; did you mean â€˜[01m[Krcl_publisher_t[m[Kâ€™?
[0.809s]    20 |       [01;31m[Kpublisher_[m[K = this->create_publisher<sensor_msgs::msg::Image>("image_pub", 10);
[0.809s]       |       [01;31m[K^~~~~~~~~~[m[K
[0.809s]       |       [32m[Krcl_publisher_t[m[K
[0.809s] [01m[K/home/joe/cam_test/src/cam_pub.cpp:20:26:[m[K [01;31m[Kerror: [m[Kâ€˜[01m[Kclass cam_pub[m[Kâ€™ has no member named â€˜[01m[Kcreate_publisher[m[Kâ€™
[0.810s]    20 |       publisher_ = this->[01;31m[Kcreate_publisher[m[K<sensor_msgs::msg::Image>("image_pub", 10);
[0.810s]       |                          [01;31m[K^~~~~~~~~~~~~~~~[m[K
[0.810s] [01m[K/home/joe/cam_test/src/cam_pub.cpp:20:66:[m[K [01;31m[Kerror: [m[Kexpected primary-expression before â€˜[01m[K>[m[Kâ€™ token
[0.810s]    20 |       publisher_ = this->create_publisher<sensor_msgs::msg::Image[01;31m[K>[m[K("image_pub", 10);
[0.810s]       |                                                                  [01;31m[K^[m[K
[0.810s] [01m[K/home/joe/cam_test/src/cam_pub.cpp:20:68:[m[K [01;35m[Kwarning: [m[Kleft operand of comma operator has no effect [[01;35m[K-Wunused-value[m[K]
[0.810s]    20 |       publisher_ = this->create_publisher<sensor_msgs::msg::Image>([01;35m[K"image_pub"[m[K, 10);
[0.810s]       |                                                                    [01;35m[K^~~~~~~~~~~[m[K
[0.812s] [01m[K/home/joe/cam_test/src/cam_pub.cpp:21:7:[m[K [01;31m[Kerror: [m[Kâ€˜[01m[Ktimer_[m[Kâ€™ was not declared in this scope; did you mean â€˜[01m[Ktimer_t[m[Kâ€™?
[0.812s]    21 |       [01;31m[Ktimer_[m[K = this->create_wall_timer(
[0.812s]       |       [01;31m[K^~~~~~[m[K
[0.812s]       |       [32m[Ktimer_t[m[K
[0.813s] [01m[K/home/joe/cam_test/src/cam_pub.cpp:21:22:[m[K [01;31m[Kerror: [m[Kâ€˜[01m[Kclass cam_pub[m[Kâ€™ has no member named â€˜[01m[Kcreate_wall_timer[m[Kâ€™
[0.813s]    21 |       timer_ = this->[01;31m[Kcreate_wall_timer[m[K(
[0.813s]       |                      [01;31m[K^~~~~~~~~~~~~~~~~[m[K
[0.813s] [01m[K/home/joe/cam_test/src/cam_pub.cpp:22:7:[m[K [01;31m[Kerror: [m[Kunable to find numeric literal operator â€˜[01m[Koperator""ms[m[Kâ€™
[0.813s]    22 |       [01;31m[K500ms[m[K, std::bind(&cam_pub::timer_callback, this));
[0.813s]       |       [01;31m[K^~~~~[m[K
[0.822s] [01m[K/home/joe/cam_test/src/cam_pub.cpp:23:5:[m[K [01;35m[Kwarning: [m[Kno return statement in function returning non-void [[01;35m[K-Wreturn-type[m[K]
[0.822s]    23 |     [01;35m[K}[m[K
[0.822s]       |     [01;35m[K^[m[K
[0.959s] make[2]: *** [CMakeFiles/cam_test.dir/build.make:63: CMakeFiles/cam_test.dir/src/cam_pub.cpp.o] Error 1
[0.960s] make[1]: *** [CMakeFiles/Makefile2:107: CMakeFiles/cam_test.dir/all] Error 2
[0.960s] make: *** [Makefile:141: all] Error 2
[0.963s] Invoked command in '/home/joe/cam_test/build/cam_test' returned '2': CMAKE_PREFIX_PATH=/opt/ros/foxy /usr/bin/cmake --build /home/joe/cam_test/build/cam_test -- -j12 -l12
