[01m[K/home/joe/cam_test/src/cam_pub.cpp:11:23:[m[K [01;31m[Kerror: [m[Kâ€˜[01m[KPioneer[m[Kâ€™ has not been declared
   11 |     [[noreturn]] void [01;31m[KPioneer[m[K::imageProducer() {
      |                       [01;31m[K^~~~~~~[m[K
[01m[K/home/joe/cam_test/src/cam_pub.cpp:[m[K In function â€˜[01m[Kvoid imageProducer()[m[Kâ€™:
[01m[K/home/joe/cam_test/src/cam_pub.cpp:12:23:[m[K [01;31m[Kerror: [m[Kâ€˜[01m[Krclcpp::Node[m[Kâ€™ has not been declared
   12 |   auto node = rclcpp::[01;31m[KNode[m[K::make_shared("camera_image_pub");
      |                       [01;31m[K^~~~[m[K
[01m[K/home/joe/cam_test/src/cam_pub.cpp:29:13:[m[K [01;31m[Kerror: [m[Kâ€˜[01m[KROS_ERROR_NAMED[m[Kâ€™ was not declared in this scope
   29 |             [01;31m[KROS_ERROR_NAMED[m[K("capture", "m capture error, state=%d", iStatus);
      |             [01;31m[K^~~~~~~~~~~~~~~[m[K
[01m[K/home/joe/cam_test/src/cam_pub.cpp:34:13:[m[K [01;31m[Kerror: [m[Kâ€˜[01m[KROS_ERROR_NAMED[m[Kâ€™ was not declared in this scope
   34 |             [01;31m[KROS_ERROR_NAMED[m[K("capture", "not connect capture");
      |             [01;31m[K^~~~~~~~~~~~~~~[m[K
[01m[K/home/joe/cam_test/src/cam_pub.cpp:42:13:[m[K [01;31m[Kerror: [m[Kâ€˜[01m[KROS_ERROR_NAMED[m[Kâ€™ was not declared in this scope
   42 |             [01;31m[KROS_ERROR_NAMED[m[K("capture", "capture init fail, state=%d", iStatus);
      |             [01;31m[K^~~~~~~~~~~~~~~[m[K
[01m[K/home/joe/cam_test/src/cam_pub.cpp:50:40:[m[K [01;31m[Kerror: [m[Kâ€˜[01m[KCameraParam[m[Kâ€™ has not been declared
   50 |         CameraSetExposureTime(hCamera, [01;31m[KCameraParam[m[K::exposure);
      |                                        [01;31m[K^~~~~~~~~~~[m[K
[01m[K/home/joe/cam_test/src/cam_pub.cpp:78:21:[m[K [01;31m[Kerror: [m[Kâ€˜[01m[KROS_ERROR_NAMED[m[Kâ€™ was not declared in this scope
   78 |                     [01;31m[KROS_ERROR_NAMED[m[K("capture", "get CameraTimeStamp failed");
      |                     [01;31m[K^~~~~~~~~~~~~~~[m[K
[01m[K/home/joe/cam_test/src/cam_pub.cpp:94:31:[m[K [01;31m[Kerror: [m[Kâ€˜[01m[KImagePtr[m[Kâ€™ is not a member of â€˜[01m[Ksensor_msgs[m[Kâ€™
   94 |                  sensor_msgs::[01;31m[KImagePtr[m[K msg;
      |                               [01;31m[K^~~~~~~~[m[K
[01m[K/home/joe/cam_test/src/cam_pub.cpp:98:18:[m[K [01;31m[Kerror: [m[Kâ€˜[01m[Kshow_image_publisher_[m[Kâ€™ was not declared in this scope
   98 |                  [01;31m[Kshow_image_publisher_[m[K.publish(msg);
      |                  [01;31m[K^~~~~~~~~~~~~~~~~~~~~[m[K
[01m[K/home/joe/cam_test/src/cam_pub.cpp:103:18:[m[K [01;31m[Kerror: [m[Kâ€˜[01m[K_framesbuffer[m[Kâ€™ was not declared in this scope
  103 |                  [01;31m[K_framesbuffer[m[K.push(
      |                  [01;31m[K^~~~~~~~~~~~~[m[K
[01m[K/home/joe/cam_test/src/cam_pub.cpp:104:25:[m[K [01;31m[Kerror: [m[Kâ€˜[01m[KFrame[m[Kâ€™ was not declared in this scope
  104 |                         [01;31m[KFrame[m[K{startTime, timeStamp, CameraTimeStamp, vision_pitch, vision_yaw, outputImage});
      |                         [01;31m[K^~~~~[m[K
[01m[K/home/joe/cam_test/src/cam_pub.cpp:74:24:[m[K [01;35m[Kwarning: [m[Kunused variable â€˜[01m[KtimeStamp[m[Kâ€™ [[01;35m[K-Wunused-variable[m[K]
   74 |                 double [01;35m[KtimeStamp[m[K = (static_cast<std::chrono::duration<double, std::milli>>(
      |                        [01;35m[K^~~~~~~~~[m[K
[01m[K/home/joe/cam_test/src/cam_pub.cpp:91:23:[m[K [01;35m[Kwarning: [m[Kunused variable â€˜[01m[Kvision_pitch[m[Kâ€™ [[01;35m[K-Wunused-variable[m[K]
   91 |                 float [01;35m[Kvision_pitch[m[K, vision_yaw;
      |                       [01;35m[K^~~~~~~~~~~~[m[K
[01m[K/home/joe/cam_test/src/cam_pub.cpp:91:37:[m[K [01;35m[Kwarning: [m[Kunused variable â€˜[01m[Kvision_yaw[m[Kâ€™ [[01;35m[K-Wunused-variable[m[K]
   91 |                 float vision_pitch, [01;35m[Kvision_yaw[m[K;
      |                                     [01;35m[K^~~~~~~~~~[m[K
[01m[K/home/joe/cam_test/src/cam_pub.cpp:110:17:[m[K [01;31m[Kerror: [m[Kâ€˜[01m[KROS_WARN_NAMED[m[Kâ€™ was not declared in this scope; did you mean â€˜[01m[KRCL_WARN_UNUSED[m[Kâ€™?
  110 |                 [01;31m[KROS_WARN_NAMED[m[K("capture", "get frame timeout");
      |                 [01;31m[K^~~~~~~~~~~~~~[m[K
      |                 [32m[KRCL_WARN_UNUSED[m[K
[01m[K/home/joe/cam_test/src/cam_pub.cpp:112:61:[m[K [01;31m[Kerror: [m[Kâ€˜[01m[KFps[m[Kâ€™ was not declared in this scope
  112 |             ROS_DEBUG_NAMED("capture", "Camera's FPS : %d", [01;31m[KFps[m[K());
      |                                                             [01;31m[K^~~[m[K
[01m[K/home/joe/cam_test/src/cam_pub.cpp:112:13:[m[K [01;31m[Kerror: [m[Kâ€˜[01m[KROS_DEBUG_NAMED[m[Kâ€™ was not declared in this scope
  112 |             [01;31m[KROS_DEBUG_NAMED[m[K("capture", "Camera's FPS : %d", Fps());
      |             [01;31m[K^~~~~~~~~~~~~~~[m[K
make[2]: *** [CMakeFiles/cam_test.dir/build.make:63: CMakeFiles/cam_test.dir/src/cam_pub.cpp.o] Error 1
make[1]: *** [CMakeFiles/Makefile2:107: CMakeFiles/cam_test.dir/all] Error 2
make: *** [Makefile:141: all] Error 2
