[0.011s] Invoking command in '/home/joe/cam_test/build/cam_test': CMAKE_PREFIX_PATH=/opt/ros/foxy /usr/bin/cmake --build /home/joe/cam_test/build/cam_test -- -j12 -l12
[0.046s] [ 25%] [32mBuilding CXX object CMakeFiles/cam_test.dir/src/cam_pub.cpp.o[0m
[0.049s] [ 75%] Built target armor_detector_node
[0.591s] [01m[K/home/joe/cam_test/src/cam_pub.cpp:11:23:[m[K [01;31m[Kerror: [m[Kâ€˜[01m[KPioneer[m[Kâ€™ has not been declared
[0.591s]    11 |     [[noreturn]] void [01;31m[KPioneer[m[K::imageProducer() {
[0.591s]       |                       [01;31m[K^~~~~~~[m[K
[0.591s] [01m[K/home/joe/cam_test/src/cam_pub.cpp:[m[K In function â€˜[01m[Kvoid imageProducer()[m[Kâ€™:
[0.591s] [01m[K/home/joe/cam_test/src/cam_pub.cpp:12:23:[m[K [01;31m[Kerror: [m[Kâ€˜[01m[Krclcpp::Node[m[Kâ€™ has not been declared
[0.591s]    12 |   auto node = rclcpp::[01;31m[KNode[m[K::make_shared("camera_image_pub");
[0.591s]       |                       [01;31m[K^~~~[m[K
[0.594s] [01m[K/home/joe/cam_test/src/cam_pub.cpp:29:13:[m[K [01;31m[Kerror: [m[Kâ€˜[01m[KROS_ERROR_NAMED[m[Kâ€™ was not declared in this scope
[0.594s]    29 |             [01;31m[KROS_ERROR_NAMED[m[K("capture", "m capture error, state=%d", iStatus);
[0.594s]       |             [01;31m[K^~~~~~~~~~~~~~~[m[K
[0.597s] [01m[K/home/joe/cam_test/src/cam_pub.cpp:34:13:[m[K [01;31m[Kerror: [m[Kâ€˜[01m[KROS_ERROR_NAMED[m[Kâ€™ was not declared in this scope
[0.597s]    34 |             [01;31m[KROS_ERROR_NAMED[m[K("capture", "not connect capture");
[0.597s]       |             [01;31m[K^~~~~~~~~~~~~~~[m[K
[0.599s] [01m[K/home/joe/cam_test/src/cam_pub.cpp:42:13:[m[K [01;31m[Kerror: [m[Kâ€˜[01m[KROS_ERROR_NAMED[m[Kâ€™ was not declared in this scope
[0.599s]    42 |             [01;31m[KROS_ERROR_NAMED[m[K("capture", "capture init fail, state=%d", iStatus);
[0.600s]       |             [01;31m[K^~~~~~~~~~~~~~~[m[K
[0.600s] [01m[K/home/joe/cam_test/src/cam_pub.cpp:50:40:[m[K [01;31m[Kerror: [m[Kâ€˜[01m[KCameraParam[m[Kâ€™ has not been declared
[0.600s]    50 |         CameraSetExposureTime(hCamera, [01;31m[KCameraParam[m[K::exposure);
[0.600s]       |                                        [01;31m[K^~~~~~~~~~~[m[K
[0.604s] [01m[K/home/joe/cam_test/src/cam_pub.cpp:78:21:[m[K [01;31m[Kerror: [m[Kâ€˜[01m[KROS_ERROR_NAMED[m[Kâ€™ was not declared in this scope
[0.604s]    78 |                     [01;31m[KROS_ERROR_NAMED[m[K("capture", "get CameraTimeStamp failed");
[0.604s]       |                     [01;31m[K^~~~~~~~~~~~~~~[m[K
[0.605s] [01m[K/home/joe/cam_test/src/cam_pub.cpp:94:31:[m[K [01;31m[Kerror: [m[Kâ€˜[01m[KImagePtr[m[Kâ€™ is not a member of â€˜[01m[Ksensor_msgs[m[Kâ€™
[0.605s]    94 |                  sensor_msgs::[01;31m[KImagePtr[m[K msg;
[0.605s]       |                               [01;31m[K^~~~~~~~[m[K
[0.611s] [01m[K/home/joe/cam_test/src/cam_pub.cpp:98:18:[m[K [01;31m[Kerror: [m[Kâ€˜[01m[Kshow_image_publisher_[m[Kâ€™ was not declared in this scope
[0.611s]    98 |                  [01;31m[Kshow_image_publisher_[m[K.publish(msg);
[0.611s]       |                  [01;31m[K^~~~~~~~~~~~~~~~~~~~~[m[K
[0.615s] [01m[K/home/joe/cam_test/src/cam_pub.cpp:103:18:[m[K [01;31m[Kerror: [m[Kâ€˜[01m[K_framesbuffer[m[Kâ€™ was not declared in this scope
[0.615s]   103 |                  [01;31m[K_framesbuffer[m[K.push(
[0.615s]       |                  [01;31m[K^~~~~~~~~~~~~[m[K
[0.616s] [01m[K/home/joe/cam_test/src/cam_pub.cpp:104:25:[m[K [01;31m[Kerror: [m[Kâ€˜[01m[KFrame[m[Kâ€™ was not declared in this scope
[0.616s]   104 |                         [01;31m[KFrame[m[K{startTime, timeStamp, CameraTimeStamp, vision_pitch, vision_yaw, outputImage});
[0.616s]       |                         [01;31m[K^~~~~[m[K
[0.616s] [01m[K/home/joe/cam_test/src/cam_pub.cpp:74:24:[m[K [01;35m[Kwarning: [m[Kunused variable â€˜[01m[KtimeStamp[m[Kâ€™ [[01;35m[K-Wunused-variable[m[K]
[0.616s]    74 |                 double [01;35m[KtimeStamp[m[K = (static_cast<std::chrono::duration<double, std::milli>>(
[0.616s]       |                        [01;35m[K^~~~~~~~~[m[K
[0.616s] [01m[K/home/joe/cam_test/src/cam_pub.cpp:91:23:[m[K [01;35m[Kwarning: [m[Kunused variable â€˜[01m[Kvision_pitch[m[Kâ€™ [[01;35m[K-Wunused-variable[m[K]
[0.617s]    91 |                 float [01;35m[Kvision_pitch[m[K, vision_yaw;
[0.617s]       |                       [01;35m[K^~~~~~~~~~~~[m[K
[0.617s] [01m[K/home/joe/cam_test/src/cam_pub.cpp:91:37:[m[K [01;35m[Kwarning: [m[Kunused variable â€˜[01m[Kvision_yaw[m[Kâ€™ [[01;35m[K-Wunused-variable[m[K]
[0.617s]    91 |                 float vision_pitch, [01;35m[Kvision_yaw[m[K;
[0.617s]       |                                     [01;35m[K^~~~~~~~~~[m[K
[0.619s] [01m[K/home/joe/cam_test/src/cam_pub.cpp:110:17:[m[K [01;31m[Kerror: [m[Kâ€˜[01m[KROS_WARN_NAMED[m[Kâ€™ was not declared in this scope; did you mean â€˜[01m[KRCL_WARN_UNUSED[m[Kâ€™?
[0.619s]   110 |                 [01;31m[KROS_WARN_NAMED[m[K("capture", "get frame timeout");
[0.619s]       |                 [01;31m[K^~~~~~~~~~~~~~[m[K
[0.619s]       |                 [32m[KRCL_WARN_UNUSED[m[K
[0.620s] [01m[K/home/joe/cam_test/src/cam_pub.cpp:112:61:[m[K [01;31m[Kerror: [m[Kâ€˜[01m[KFps[m[Kâ€™ was not declared in this scope
[0.620s]   112 |             ROS_DEBUG_NAMED("capture", "Camera's FPS : %d", [01;31m[KFps[m[K());
[0.620s]       |                                                             [01;31m[K^~~[m[K
[0.623s] [01m[K/home/joe/cam_test/src/cam_pub.cpp:112:13:[m[K [01;31m[Kerror: [m[Kâ€˜[01m[KROS_DEBUG_NAMED[m[Kâ€™ was not declared in this scope
[0.623s]   112 |             [01;31m[KROS_DEBUG_NAMED[m[K("capture", "Camera's FPS : %d", Fps());
[0.623s]       |             [01;31m[K^~~~~~~~~~~~~~~[m[K
[0.735s] make[2]: *** [CMakeFiles/cam_test.dir/build.make:63: CMakeFiles/cam_test.dir/src/cam_pub.cpp.o] Error 1
[0.735s] make[1]: *** [CMakeFiles/Makefile2:107: CMakeFiles/cam_test.dir/all] Error 2
[0.735s] make: *** [Makefile:141: all] Error 2
[0.737s] Invoked command in '/home/joe/cam_test/build/cam_test' returned '2': CMAKE_PREFIX_PATH=/opt/ros/foxy /usr/bin/cmake --build /home/joe/cam_test/build/cam_test -- -j12 -l12
