[0.022s] Invoking command in '/home/joe/cam_test/build/cam_test': CMAKE_PREFIX_PATH=/opt/ros/foxy /usr/bin/cmake --build /home/joe/cam_test/build/cam_test -- -j12 -l12
[0.067s] [35m[1mScanning dependencies of target cam_test[0m
[0.086s] [ 50%] Built target armor_detector_node
[0.103s] [ 75%] [32mBuilding CXX object CMakeFiles/cam_test.dir/src/cam_pub.cpp.o[0m
[1.484s] [01m[K/home/joe/cam_test/src/cam_pub.cpp:32:6:[m[K [01;31m[Kerror: [m[Knon-static data member declared with placeholder â€˜[01m[Kauto[m[Kâ€™
[1.484s]    32 |      [01;31m[Kauto[m[K show_image_publisher_ = image_transport::create_publisher(this, "show_image");
[1.484s]       |      [01;31m[K^~~~[m[K
[1.484s] [01m[K/home/joe/cam_test/src/cam_pub.cpp:133:22:[m[K [01;31m[Kerror: [m[Knon-static data member declared with placeholder â€˜[01m[Kauto[m[Kâ€™
[1.484s]   133 |                      [01;31m[Kauto[m[K show_image_msg = cv_bridge::CvImage(img_msg_raw->header, "rgb8", originImage).toImageMsg();
[1.484s]       |                      [01;31m[K^~~~[m[K
[1.491s] [01m[K/home/joe/cam_test/src/cam_pub.cpp:134:22:[m[K [01;31m[Kerror: [m[Kâ€˜[01m[Kshow_image_publisher_[m[Kâ€™ does not name a type
[1.492s]   134 |                      [01;31m[Kshow_image_publisher_[m[K.publish(show_image_msg);
[1.492s]       |                      [01;31m[K^~~~~~~~~~~~~~~~~~~~~[m[K
[1.509s] [01m[K/home/joe/cam_test/src/cam_pub.cpp:[m[K In member function â€˜[01m[Kvoid MinimalPublisher::imageProducer()[m[Kâ€™:
[1.509s] [01m[K/home/joe/cam_test/src/cam_pub.cpp:72:40:[m[K [01;31m[Kerror: [m[Kâ€˜[01m[KCameraParam[m[Kâ€™ has not been declared
[1.509s]    72 |         CameraSetExposureTime(hCamera, [01;31m[KCameraParam[m[K::exposure);
[1.509s]       |                                        [01;31m[K^~~~~~~~~~~[m[K
[1.521s] [01m[K/home/joe/cam_test/src/cam_pub.cpp:121:18:[m[K [01;31m[Kerror: [m[Kâ€˜[01m[K_framesbuffer[m[Kâ€™ was not declared in this scope
[1.521s]   121 |                  [01;31m[K_framesbuffer[m[K.push(
[1.521s]       |                  [01;31m[K^~~~~~~~~~~~~[m[K
[1.524s] [01m[K/home/joe/cam_test/src/cam_pub.cpp:122:25:[m[K [01;31m[Kerror: [m[Kâ€˜[01m[KFrame[m[Kâ€™ was not declared in this scope
[1.524s]   122 |                         [01;31m[KFrame[m[K{startTime, timeStamp, CameraTimeStamp, vision_pitch, vision_yaw, outputImage});
[1.524s]       |                         [01;31m[K^~~~~[m[K
[1.525s] [01m[K/home/joe/cam_test/src/cam_pub.cpp:96:24:[m[K [01;35m[Kwarning: [m[Kunused variable â€˜[01m[KtimeStamp[m[Kâ€™ [[01;35m[K-Wunused-variable[m[K]
[1.525s]    96 |                 double [01;35m[KtimeStamp[m[K = (static_cast<std::chrono::duration<double, std::milli>>(
[1.525s]       |                        [01;35m[K^~~~~~~~~[m[K
[2.241s] make[2]: *** [CMakeFiles/cam_test.dir/build.make:63: CMakeFiles/cam_test.dir/src/cam_pub.cpp.o] Error 1
[2.241s] make[1]: *** [CMakeFiles/Makefile2:107: CMakeFiles/cam_test.dir/all] Error 2
[2.241s] make: *** [Makefile:141: all] Error 2
[2.247s] Invoked command in '/home/joe/cam_test/build/cam_test' returned '2': CMAKE_PREFIX_PATH=/opt/ros/foxy /usr/bin/cmake --build /home/joe/cam_test/build/cam_test -- -j12 -l12
