[0.000000] (-) TimerEvent: {}
[0.004380] (cam_test) JobQueued: {'identifier': 'cam_test', 'dependencies': OrderedDict()}
[0.004524] (cam_test) JobStarted: {'identifier': 'cam_test'}
[0.019704] (cam_test) JobProgress: {'identifier': 'cam_test', 'progress': 'cmake'}
[0.024769] (cam_test) JobProgress: {'identifier': 'cam_test', 'progress': 'build'}
[0.024937] (cam_test) Command: {'cmd': ['/usr/bin/cmake', '--build', '/home/joe/cam_test/build/cam_test', '--', '-j12', '-l12'], 'cwd': '/home/joe/cam_test/build/cam_test', 'env': OrderedDict([('USER', 'joe'), ('WT_PROFILE_ID', '{07b52e3e-de2c-5db4-bd2d-ba144ed6c273}'), ('SHLVL', '1'), ('HOME', '/home/joe'), ('OLDPWD', '/home/joe'), ('LESS', '-R'), ('ZSH', '/home/joe/.oh-my-zsh'), ('LSCOLORS', 'Gxfxcxdxbxegedabagacad'), ('PAGER', 'less'), ('WSL_DISTRO_NAME', 'Ubuntu-20.04'), ('LOGNAME', 'joe'), ('WSL_INTEROP', '/run/WSL/4631_interop'), ('NAME', 'LAPTOP-K888OCOC'), ('_', '/usr/bin/colcon'), ('TERM', 'xterm-256color'), ('PATH', '/usr/local/sbin:/usr/local/bin:/usr/sbin:/usr/bin:/sbin:/bin:/usr/games:/usr/local/games:/mnt/c/windows/system32:/mnt/c/windows:/mnt/c/windows/System32/Wbem:/mnt/c/windows/System32/WindowsPowerShell/v1.0/:/mnt/c/windows/System32/OpenSSH/:/mnt/c/Program Files (x86)/NVIDIA Corporation/PhysX/Common:/mnt/c/Program Files/NVIDIA Corporation/NVIDIA NvDLISR:/mnt/c/Users/stan/AppData/Local/Microsoft/WindowsApps:/mnt/c/vscode/Microsoft VS Code/bin'), ('WT_SESSION', '4b8ef29c-024d-4f92-9c09-7b7f68288afa'), ('LANG', 'en_US.UTF-8'), ('LS_COLORS', 'rs=0:di=01;34:ln=01;36:mh=00:pi=40;33:so=01;35:do=01;35:bd=40;33;01:cd=40;33;01:or=40;31;01:mi=00:su=37;41:sg=30;43:ca=30;41:tw=30;42:ow=34;42:st=37;44:ex=01;32:*.tar=01;31:*.tgz=01;31:*.arc=01;31:*.arj=01;31:*.taz=01;31:*.lha=01;31:*.lz4=01;31:*.lzh=01;31:*.lzma=01;31:*.tlz=01;31:*.txz=01;31:*.tzo=01;31:*.t7z=01;31:*.zip=01;31:*.z=01;31:*.dz=01;31:*.gz=01;31:*.lrz=01;31:*.lz=01;31:*.lzo=01;31:*.xz=01;31:*.zst=01;31:*.tzst=01;31:*.bz2=01;31:*.bz=01;31:*.tbz=01;31:*.tbz2=01;31:*.tz=01;31:*.deb=01;31:*.rpm=01;31:*.jar=01;31:*.war=01;31:*.ear=01;31:*.sar=01;31:*.rar=01;31:*.alz=01;31:*.ace=01;31:*.zoo=01;31:*.cpio=01;31:*.7z=01;31:*.rz=01;31:*.cab=01;31:*.wim=01;31:*.swm=01;31:*.dwm=01;31:*.esd=01;31:*.jpg=01;35:*.jpeg=01;35:*.mjpg=01;35:*.mjpeg=01;35:*.gif=01;35:*.bmp=01;35:*.pbm=01;35:*.pgm=01;35:*.ppm=01;35:*.tga=01;35:*.xbm=01;35:*.xpm=01;35:*.tif=01;35:*.tiff=01;35:*.png=01;35:*.svg=01;35:*.svgz=01;35:*.mng=01;35:*.pcx=01;35:*.mov=01;35:*.mpg=01;35:*.mpeg=01;35:*.m2v=01;35:*.mkv=01;35:*.webm=01;35:*.ogm=01;35:*.mp4=01;35:*.m4v=01;35:*.mp4v=01;35:*.vob=01;35:*.qt=01;35:*.nuv=01;35:*.wmv=01;35:*.asf=01;35:*.rm=01;35:*.rmvb=01;35:*.flc=01;35:*.avi=01;35:*.fli=01;35:*.flv=01;35:*.gl=01;35:*.dl=01;35:*.xcf=01;35:*.xwd=01;35:*.yuv=01;35:*.cgm=01;35:*.emf=01;35:*.ogv=01;35:*.ogx=01;35:*.aac=00;36:*.au=00;36:*.flac=00;36:*.m4a=00;36:*.mid=00;36:*.midi=00;36:*.mka=00;36:*.mp3=00;36:*.mpc=00;36:*.ogg=00;36:*.ra=00;36:*.wav=00;36:*.oga=00;36:*.opus=00;36:*.spx=00;36:*.xspf=00;36:'), ('SHELL', '/usr/bin/zsh'), ('PWD', '/home/joe/cam_test/build/cam_test'), ('COLCON', '1'), ('HOSTTYPE', 'x86_64'), ('WSLENV', 'WT_SESSION::WT_PROFILE_ID')]), 'shell': False}
[0.064206] (cam_test) StdoutLine: {'line': b'-- Found ament_cmake: 0.9.9 (/opt/ros/foxy/share/ament_cmake/cmake)\n'}
[0.092485] (cam_test) StdoutLine: {'line': b'-- Using PYTHON_EXECUTABLE: /usr/bin/python3\n'}
[0.100151] (-) TimerEvent: {}
[0.200945] (-) TimerEvent: {}
[0.301710] (-) TimerEvent: {}
[0.402371] (-) TimerEvent: {}
[0.424900] (cam_test) StderrLine: {'line': b'Traceback (most recent call last):\n'}
[0.425208] (cam_test) StderrLine: {'line': b'  File "/opt/ros/foxy/share/ament_cmake_core/cmake/package_templates/templates_2_cmake.py", line 21, in <module>\n'}
[0.425263] (cam_test) StderrLine: {'line': b'    from ament_package.templates import get_environment_hook_template_path\n'}
[0.425321] (cam_test) StderrLine: {'line': b"ModuleNotFoundError: No module named 'ament_package'\n"}
[0.448674] (cam_test) StderrLine: {'line': b'CMake Error at /opt/ros/foxy/share/ament_cmake_core/cmake/ament_cmake_package_templates-extras.cmake:41 (message):\n'}
[0.449108] (cam_test) StderrLine: {'line': b'  execute_process(/usr/bin/python3\n'}
[0.449209] (cam_test) StderrLine: {'line': b'  /opt/ros/foxy/share/ament_cmake_core/cmake/package_templates/templates_2_cmake.py\n'}
[0.449290] (cam_test) StderrLine: {'line': b'  /home/joe/cam_test/build/cam_test/ament_cmake_package_templates/templates.cmake)\n'}
[0.449705] (cam_test) StderrLine: {'line': b'  returned error code 1\n'}
[0.449883] (cam_test) StderrLine: {'line': b'Call Stack (most recent call first):\n'}
[0.450111] (cam_test) StderrLine: {'line': b'  /opt/ros/foxy/share/ament_cmake_core/cmake/ament_cmake_coreConfig.cmake:41 (include)\n'}
[0.450219] (cam_test) StderrLine: {'line': b'  /opt/ros/foxy/share/ament_cmake/cmake/ament_cmake_export_dependencies-extras.cmake:15 (find_package)\n'}
[0.450326] (cam_test) StderrLine: {'line': b'  /opt/ros/foxy/share/ament_cmake/cmake/ament_cmakeConfig.cmake:41 (include)\n'}
[0.450410] (cam_test) StderrLine: {'line': b'  CMakeLists.txt:17 (find_package)\n'}
[0.450512] (cam_test) StderrLine: {'line': b'\n'}
[0.450599] (cam_test) StderrLine: {'line': b'\n'}
[0.450689] (cam_test) StdoutLine: {'line': b'-- Configuring incomplete, errors occurred!\n'}
[0.450781] (cam_test) StdoutLine: {'line': b'See also "/home/joe/cam_test/build/cam_test/CMakeFiles/CMakeOutput.log".\n'}
[0.450862] (cam_test) StdoutLine: {'line': b'See also "/home/joe/cam_test/build/cam_test/CMakeFiles/CMakeError.log".\n'}
[0.452221] (cam_test) StderrLine: {'line': b'make: *** [Makefile:327: cmake_check_build_system] Error 1\n'}
[0.455803] (cam_test) CommandEnded: {'returncode': 2}
[0.501382] (cam_test) JobEnded: {'identifier': 'cam_test', 'rc': 2}
[0.502920] (-) TimerEvent: {}
[0.513016] (-) EventReactorShutdown: {}
