[0.012s] Invoking command in '/home/joe/cam_test/build/cam_test': /usr/bin/cmake --build /home/joe/cam_test/build/cam_test -- -j12 -l12
[0.038s] [35m[1mScanning dependencies of target cam_test[0m
[0.049s] [ 50%] Built target armor_detector_node
[0.058s] [ 75%] [32mBuilding CXX object CMakeFiles/cam_test.dir/src/cam_pub.cpp.o[0m
[1.144s] [01m[K/home/joe/cam_test/src/cam_pub.cpp:37:14:[m[K [01;31m[Kerror: [m[Kextra qualification â€˜[01m[KFramesBuffer::[m[Kâ€™ on member â€˜[01m[KFramesBuffer[m[Kâ€™ [[01;31m[K-fpermissive[m[K]
[1.144s]    37 |     explicit [01;31m[KFramesBuffer[m[K::FramesBuffer(size_t size) :
[1.144s]       |              [01;31m[K^~~~~~~~~~~~[m[K
[1.154s] [01m[K/home/joe/cam_test/src/cam_pub.cpp:107:3:[m[K [01;31m[Kerror: [m[Kâ€˜[01m[Kshow_image_publisher_[m[Kâ€™ does not name a type
[1.154s]   107 |   [01;31m[Kshow_image_publisher_[m[K = image_transport::create_publisher(this, "show_image");
[1.154s]       |   [01;31m[K^~~~~~~~~~~~~~~~~~~~~[m[K
[1.154s] [01m[K/home/joe/cam_test/src/cam_pub.cpp:208:22:[m[K [01;31m[Kerror: [m[Knon-static data member declared with placeholder â€˜[01m[Kauto[m[Kâ€™
[1.154s]   208 |                      [01;31m[Kauto[m[K show_image_msg = cv_bridge::CvImage(img_msg_raw->header, "rgb8", originImage).toImageMsg();
[1.154s]       |                      [01;31m[K^~~~[m[K
[1.159s] [01m[K/home/joe/cam_test/src/cam_pub.cpp:209:22:[m[K [01;31m[Kerror: [m[Kâ€˜[01m[Kshow_image_publisher_[m[Kâ€™ does not name a type
[1.159s]   209 |                      [01;31m[Kshow_image_publisher_[m[K.publish(show_image_msg);
[1.159s]       |                      [01;31m[K^~~~~~~~~~~~~~~~~~~~~[m[K
[1.177s] [01m[K/home/joe/cam_test/src/cam_pub.cpp:[m[K In member function â€˜[01m[Kvoid MinimalPublisher::imageProducer()[m[Kâ€™:
[1.178s] [01m[K/home/joe/cam_test/src/cam_pub.cpp:196:18:[m[K [01;31m[Kerror: [m[Kâ€˜[01m[K_framesbuffer[m[Kâ€™ was not declared in this scope; did you mean â€˜[01m[KFramesBuffer[m[Kâ€™?
[1.178s]   196 |                  [01;31m[K_framesbuffer[m[K.push(
[1.178s]       |                  [01;31m[K^~~~~~~~~~~~~[m[K
[1.178s]       |                  [32m[KFramesBuffer[m[K
[1.181s] [01m[K/home/joe/cam_test/src/cam_pub.cpp:197:70:[m[K [01;31m[Kerror: [m[Kâ€˜[01m[Kvision_pitch[m[Kâ€™ was not declared in this scope
[1.181s]   197 |                         Frame{startTime, timeStamp, CameraTimeStamp, [01;31m[Kvision_pitch[m[K, vision_yaw, outputImage});
[1.181s]       |                                                                      [01;31m[K^~~~~~~~~~~~[m[K
[1.184s] [01m[K/home/joe/cam_test/src/cam_pub.cpp:197:84:[m[K [01;31m[Kerror: [m[Kâ€˜[01m[Kvision_yaw[m[Kâ€™ was not declared in this scope
[1.184s]   197 |                         Frame{startTime, timeStamp, CameraTimeStamp, vision_pitch, [01;31m[Kvision_yaw[m[K, outputImage});
[1.184s]       |                                                                                    [01;31m[K^~~~~~~~~~[m[K
[1.187s] [01m[K/home/joe/cam_test/src/cam_pub.cpp:197:96:[m[K [01;31m[Kerror: [m[Kâ€˜[01m[KoutputImage[m[Kâ€™ was not declared in this scope
[1.187s]   197 |                         Frame{startTime, timeStamp, CameraTimeStamp, vision_pitch, vision_yaw, [01;31m[KoutputImage[m[K});
[1.187s]       |                                                                                                [01;31m[K^~~~~~~~~~~[m[K
[1.795s] make[2]: *** [CMakeFiles/cam_test.dir/build.make:63: CMakeFiles/cam_test.dir/src/cam_pub.cpp.o] Error 1
[1.795s] make[1]: *** [CMakeFiles/Makefile2:107: CMakeFiles/cam_test.dir/all] Error 2
[1.795s] make: *** [Makefile:141: all] Error 2
[1.798s] Invoked command in '/home/joe/cam_test/build/cam_test' returned '2': /usr/bin/cmake --build /home/joe/cam_test/build/cam_test -- -j12 -l12
