[0.010s] Invoking command in '/home/joe/cam_test/build/cam_test': CMAKE_PREFIX_PATH=${CMAKE_PREFIX_PATH}:/opt/ros/foxy /usr/bin/cmake --build /home/joe/cam_test/build/cam_test -- -j12 -l12
[0.039s] [35m[1mScanning dependencies of target cam_test[0m
[0.051s] [ 50%] Built target armor_detector_node
[0.054s] [ 75%] [32mBuilding CXX object CMakeFiles/cam_test.dir/src/cam_pub.cpp.o[0m
[0.598s] [01m[K/home/joe/cam_test/src/cam_pub.cpp:21:1:[m[K [01;31m[Kerror: [m[Kexpected class-name before â€˜[01m[K{[m[Kâ€™ token
[0.598s]    21 | [01;31m[K{[m[K
[0.598s]       | [01;31m[K^[m[K
[0.598s] [01m[K/home/joe/cam_test/src/cam_pub.cpp:39:13:[m[K [01;31m[Kerror: [m[Kâ€˜[01m[KTimerBase[m[Kâ€™ in namespace â€˜[01m[Krclcpp[m[Kâ€™ does not name a type
[0.598s]    39 |     rclcpp::[01;31m[KTimerBase[m[K::SharedPtr timer_;
[0.598s]       |             [01;31m[K^~~~~~~~~[m[K
[0.598s] [01m[K/home/joe/cam_test/src/cam_pub.cpp:40:13:[m[K [01;31m[Kerror: [m[Kâ€˜[01m[KPublisher[m[Kâ€™ in namespace â€˜[01m[Krclcpp[m[Kâ€™ does not name a template type
[0.598s]    40 |     rclcpp::[01;31m[KPublisher[m[K<std_msgs::msg::String>::SharedPtr publisher_;
[0.598s]       |             [01;31m[K^~~~~~~~~[m[K
[0.598s] [01m[K/home/joe/cam_test/src/cam_pub.cpp:[m[K In constructor â€˜[01m[KMinimalPublisher::MinimalPublisher()[m[Kâ€™:
[0.598s] [01m[K/home/joe/cam_test/src/cam_pub.cpp:24:7:[m[K [01;31m[Kerror: [m[Kclass â€˜[01m[KMinimalPublisher[m[Kâ€™ does not have any field named â€˜[01m[KNode[m[Kâ€™
[0.598s]    24 |     : [01;31m[KNode[m[K("minimal_publisher"), count_(0)
[0.598s]       |       [01;31m[K^~~~[m[K
[0.601s] [01m[K/home/joe/cam_test/src/cam_pub.cpp:26:7:[m[K [01;31m[Kerror: [m[Kâ€˜[01m[Kpublisher_[m[Kâ€™ was not declared in this scope; did you mean â€˜[01m[Krcl_publisher_t[m[Kâ€™?
[0.601s]    26 |       [01;31m[Kpublisher_[m[K = this->create_publisher<std_msgs::msg::String>("topic", 10);
[0.601s]       |       [01;31m[K^~~~~~~~~~[m[K
[0.601s]       |       [32m[Krcl_publisher_t[m[K
[0.601s] [01m[K/home/joe/cam_test/src/cam_pub.cpp:26:26:[m[K [01;31m[Kerror: [m[Kâ€˜[01m[Kclass MinimalPublisher[m[Kâ€™ has no member named â€˜[01m[Kcreate_publisher[m[Kâ€™
[0.601s]    26 |       publisher_ = this->[01;31m[Kcreate_publisher[m[K<std_msgs::msg::String>("topic", 10);
[0.601s]       |                          [01;31m[K^~~~~~~~~~~~~~~~[m[K
[0.601s] [01m[K/home/joe/cam_test/src/cam_pub.cpp:26:64:[m[K [01;31m[Kerror: [m[Kexpected primary-expression before â€˜[01m[K>[m[Kâ€™ token
[0.601s]    26 |       publisher_ = this->create_publisher<std_msgs::msg::String[01;31m[K>[m[K("topic", 10);
[0.601s]       |                                                                [01;31m[K^[m[K
[0.601s] [01m[K/home/joe/cam_test/src/cam_pub.cpp:26:66:[m[K [01;35m[Kwarning: [m[Kleft operand of comma operator has no effect [[01;35m[K-Wunused-value[m[K]
[0.601s]    26 |       publisher_ = this->create_publisher<std_msgs::msg::String>([01;35m[K"topic"[m[K, 10);
[0.601s]       |                                                                  [01;35m[K^~~~~~~[m[K
[0.602s] [01m[K/home/joe/cam_test/src/cam_pub.cpp:27:7:[m[K [01;31m[Kerror: [m[Kâ€˜[01m[Ktimer_[m[Kâ€™ was not declared in this scope; did you mean â€˜[01m[Ktimer_t[m[Kâ€™?
[0.602s]    27 |       [01;31m[Ktimer_[m[K = this->create_wall_timer(
[0.602s]       |       [01;31m[K^~~~~~[m[K
[0.602s]       |       [32m[Ktimer_t[m[K
[0.602s] [01m[K/home/joe/cam_test/src/cam_pub.cpp:27:22:[m[K [01;31m[Kerror: [m[Kâ€˜[01m[Kclass MinimalPublisher[m[Kâ€™ has no member named â€˜[01m[Kcreate_wall_timer[m[Kâ€™
[0.602s]    27 |       timer_ = this->[01;31m[Kcreate_wall_timer[m[K(
[0.602s]       |                      [01;31m[K^~~~~~~~~~~~~~~~~[m[K
[0.607s] [01m[K/home/joe/cam_test/src/cam_pub.cpp:[m[K In member function â€˜[01m[Kvoid MinimalPublisher::timer_callback()[m[Kâ€™:
[0.607s] [01m[K/home/joe/cam_test/src/cam_pub.cpp:36:25:[m[K [01;31m[Kerror: [m[Kâ€˜[01m[Kclass MinimalPublisher[m[Kâ€™ has no member named â€˜[01m[Kget_logger[m[Kâ€™
[0.607s]    36 |       RCLCPP_INFO(this->[01;31m[Kget_logger[m[K(), "Publishing: '%s'", message.data.c_str());
[0.607s]       |                         [01;31m[K^~~~~~~~~~[m[K
[0.610s] [01m[K/home/joe/cam_test/src/cam_pub.cpp:36:7:[m[K [01;31m[Kerror: [m[Kâ€˜[01m[KRCLCPP_INFO[m[Kâ€™ was not declared in this scope; did you mean â€˜[01m[KRCLCPP_IMPORT[m[Kâ€™?
[0.610s]    36 |       [01;31m[KRCLCPP_INFO[m[K(this->get_logger(), "Publishing: '%s'", message.data.c_str());
[0.610s]       |       [01;31m[K^~~~~~~~~~~[m[K
[0.610s]       |       [32m[KRCLCPP_IMPORT[m[K
[0.612s] [01m[K/home/joe/cam_test/src/cam_pub.cpp:37:7:[m[K [01;31m[Kerror: [m[Kâ€˜[01m[Kpublisher_[m[Kâ€™ was not declared in this scope; did you mean â€˜[01m[Krcl_publisher_t[m[Kâ€™?
[0.612s]    37 |       [01;31m[Kpublisher_[m[K->publish(message);
[0.612s]       |       [01;31m[K^~~~~~~~~~[m[K
[0.613s]       |       [32m[Krcl_publisher_t[m[K
[0.613s] [01m[K/home/joe/cam_test/src/cam_pub.cpp:[m[K In function â€˜[01m[Kint main(int, char**)[m[Kâ€™:
[0.613s] [01m[K/home/joe/cam_test/src/cam_pub.cpp:46:11:[m[K [01;31m[Kerror: [m[Kâ€˜[01m[Kinit[m[Kâ€™ is not a member of â€˜[01m[Krclcpp[m[Kâ€™
[0.613s]    46 |   rclcpp::[01;31m[Kinit[m[K(argc, argv);
[0.613s]       |           [01;31m[K^~~~[m[K
[0.613s] [01m[K/home/joe/cam_test/src/cam_pub.cpp:47:11:[m[K [01;31m[Kerror: [m[Kâ€˜[01m[Kspin[m[Kâ€™ is not a member of â€˜[01m[Krclcpp[m[Kâ€™
[0.613s]    47 |   rclcpp::[01;31m[Kspin[m[K(std::make_shared<MinimalPublisher>());
[0.613s]       |           [01;31m[K^~~~[m[K
[0.615s] [01m[K/home/joe/cam_test/src/cam_pub.cpp:48:11:[m[K [01;31m[Kerror: [m[Kâ€˜[01m[Kshutdown[m[Kâ€™ is not a member of â€˜[01m[Krclcpp[m[Kâ€™
[0.615s]    48 |   rclcpp::[01;31m[Kshutdown[m[K();
[0.615s]       |           [01;31m[K^~~~~~~~[m[K
[0.727s] make[2]: *** [CMakeFiles/cam_test.dir/build.make:63: CMakeFiles/cam_test.dir/src/cam_pub.cpp.o] Error 1
[0.727s] make[1]: *** [CMakeFiles/Makefile2:107: CMakeFiles/cam_test.dir/all] Error 2
[0.727s] make: *** [Makefile:141: all] Error 2
[0.731s] Invoked command in '/home/joe/cam_test/build/cam_test' returned '2': CMAKE_PREFIX_PATH=${CMAKE_PREFIX_PATH}:/opt/ros/foxy /usr/bin/cmake --build /home/joe/cam_test/build/cam_test -- -j12 -l12
